2022-11-25 09:29:03,282 INFO com.netflix.discovery.shared.resolver.aws.ConfigClusterResolver [AsyncResolver-bootstrap-executor-0] Resolving eureka endpoints via configuration
2022-11-25 09:34:03,305 INFO com.netflix.discovery.shared.resolver.aws.ConfigClusterResolver [AsyncResolver-bootstrap-executor-0] Resolving eureka endpoints via configuration
2022-11-25 09:39:03,323 INFO com.netflix.discovery.shared.resolver.aws.ConfigClusterResolver [AsyncResolver-bootstrap-executor-0] Resolving eureka endpoints via configuration
2022-11-25 09:44:03,326 INFO com.netflix.discovery.shared.resolver.aws.ConfigClusterResolver [AsyncResolver-bootstrap-executor-0] Resolving eureka endpoints via configuration
2022-11-25 09:49:03,335 INFO com.netflix.discovery.shared.resolver.aws.ConfigClusterResolver [AsyncResolver-bootstrap-executor-0] Resolving eureka endpoints via configuration
2022-11-25 09:54:03,340 INFO com.netflix.discovery.shared.resolver.aws.ConfigClusterResolver [AsyncResolver-bootstrap-executor-0] Resolving eureka endpoints via configuration
2022-11-25 09:59:03,348 INFO com.netflix.discovery.shared.resolver.aws.ConfigClusterResolver [AsyncResolver-bootstrap-executor-0] Resolving eureka endpoints via configuration
2022-11-25 10:04:03,350 INFO com.netflix.discovery.shared.resolver.aws.ConfigClusterResolver [AsyncResolver-bootstrap-executor-0] Resolving eureka endpoints via configuration
2022-11-25 10:09:03,354 INFO com.netflix.discovery.shared.resolver.aws.ConfigClusterResolver [AsyncResolver-bootstrap-executor-0] Resolving eureka endpoints via configuration
2022-11-25 10:14:03,357 INFO com.netflix.discovery.shared.resolver.aws.ConfigClusterResolver [AsyncResolver-bootstrap-executor-0] Resolving eureka endpoints via configuration
2022-11-25 10:19:03,361 INFO com.netflix.discovery.shared.resolver.aws.ConfigClusterResolver [AsyncResolver-bootstrap-executor-0] Resolving eureka endpoints via configuration
2022-11-25 10:24:03,362 INFO com.netflix.discovery.shared.resolver.aws.ConfigClusterResolver [AsyncResolver-bootstrap-executor-0] Resolving eureka endpoints via configuration
2022-11-25 10:29:03,366 INFO com.netflix.discovery.shared.resolver.aws.ConfigClusterResolver [AsyncResolver-bootstrap-executor-0] Resolving eureka endpoints via configuration
2022-11-25 10:34:03,371 INFO com.netflix.discovery.shared.resolver.aws.ConfigClusterResolver [AsyncResolver-bootstrap-executor-0] Resolving eureka endpoints via configuration
2022-11-25 10:39:03,375 INFO com.netflix.discovery.shared.resolver.aws.ConfigClusterResolver [AsyncResolver-bootstrap-executor-0] Resolving eureka endpoints via configuration
2022-11-25 10:44:03,376 INFO com.netflix.discovery.shared.resolver.aws.ConfigClusterResolver [AsyncResolver-bootstrap-executor-0] Resolving eureka endpoints via configuration
2022-11-25 10:49:03,378 INFO com.netflix.discovery.shared.resolver.aws.ConfigClusterResolver [AsyncResolver-bootstrap-executor-0] Resolving eureka endpoints via configuration
2022-11-25 10:54:03,383 INFO com.netflix.discovery.shared.resolver.aws.ConfigClusterResolver [AsyncResolver-bootstrap-executor-0] Resolving eureka endpoints via configuration
2022-11-25 10:59:03,388 INFO com.netflix.discovery.shared.resolver.aws.ConfigClusterResolver [AsyncResolver-bootstrap-executor-0] Resolving eureka endpoints via configuration
2022-11-25 11:04:03,389 INFO com.netflix.discovery.shared.resolver.aws.ConfigClusterResolver [AsyncResolver-bootstrap-executor-0] Resolving eureka endpoints via configuration
2022-11-25 11:09:03,392 INFO com.netflix.discovery.shared.resolver.aws.ConfigClusterResolver [AsyncResolver-bootstrap-executor-0] Resolving eureka endpoints via configuration
2022-11-25 11:14:03,395 INFO com.netflix.discovery.shared.resolver.aws.ConfigClusterResolver [AsyncResolver-bootstrap-executor-0] Resolving eureka endpoints via configuration
2022-11-25 11:19:03,400 INFO com.netflix.discovery.shared.resolver.aws.ConfigClusterResolver [AsyncResolver-bootstrap-executor-0] Resolving eureka endpoints via configuration
2022-11-25 11:24:03,405 INFO com.netflix.discovery.shared.resolver.aws.ConfigClusterResolver [AsyncResolver-bootstrap-executor-0] Resolving eureka endpoints via configuration
2022-11-25 11:29:03,411 INFO com.netflix.discovery.shared.resolver.aws.ConfigClusterResolver [AsyncResolver-bootstrap-executor-0] Resolving eureka endpoints via configuration
2022-11-25 11:34:03,414 INFO com.netflix.discovery.shared.resolver.aws.ConfigClusterResolver [AsyncResolver-bootstrap-executor-0] Resolving eureka endpoints via configuration
2022-11-25 11:39:03,416 INFO com.netflix.discovery.shared.resolver.aws.ConfigClusterResolver [AsyncResolver-bootstrap-executor-0] Resolving eureka endpoints via configuration
2022-11-25 11:44:03,422 INFO com.netflix.discovery.shared.resolver.aws.ConfigClusterResolver [AsyncResolver-bootstrap-executor-0] Resolving eureka endpoints via configuration
2022-11-25 11:49:03,424 INFO com.netflix.discovery.shared.resolver.aws.ConfigClusterResolver [AsyncResolver-bootstrap-executor-0] Resolving eureka endpoints via configuration
2022-11-25 11:54:03,428 INFO com.netflix.discovery.shared.resolver.aws.ConfigClusterResolver [AsyncResolver-bootstrap-executor-0] Resolving eureka endpoints via configuration
2022-11-25 11:59:03,441 INFO com.netflix.discovery.shared.resolver.aws.ConfigClusterResolver [AsyncResolver-bootstrap-executor-0] Resolving eureka endpoints via configuration
2022-11-25 12:04:03,454 INFO com.netflix.discovery.shared.resolver.aws.ConfigClusterResolver [AsyncResolver-bootstrap-executor-0] Resolving eureka endpoints via configuration
2022-11-25 12:09:03,461 INFO com.netflix.discovery.shared.resolver.aws.ConfigClusterResolver [AsyncResolver-bootstrap-executor-0] Resolving eureka endpoints via configuration
2022-11-25 12:14:03,463 INFO com.netflix.discovery.shared.resolver.aws.ConfigClusterResolver [AsyncResolver-bootstrap-executor-0] Resolving eureka endpoints via configuration
2022-11-25 12:27:28,400 INFO com.netflix.discovery.shared.resolver.aws.ConfigClusterResolver [AsyncResolver-bootstrap-executor-0] Resolving eureka endpoints via configuration
2022-11-25 14:11:57,323 INFO com.netflix.discovery.shared.resolver.aws.ConfigClusterResolver [AsyncResolver-bootstrap-executor-0] Resolving eureka endpoints via configuration
2022-11-25 14:16:57,329 INFO com.netflix.discovery.shared.resolver.aws.ConfigClusterResolver [AsyncResolver-bootstrap-executor-0] Resolving eureka endpoints via configuration
2022-11-25 14:21:57,332 INFO com.netflix.discovery.shared.resolver.aws.ConfigClusterResolver [AsyncResolver-bootstrap-executor-0] Resolving eureka endpoints via configuration
2022-11-25 14:26:57,333 INFO com.netflix.discovery.shared.resolver.aws.ConfigClusterResolver [AsyncResolver-bootstrap-executor-0] Resolving eureka endpoints via configuration
2022-11-25 14:31:57,337 INFO com.netflix.discovery.shared.resolver.aws.ConfigClusterResolver [AsyncResolver-bootstrap-executor-0] Resolving eureka endpoints via configuration
2022-11-25 14:36:57,360 INFO com.netflix.discovery.shared.resolver.aws.ConfigClusterResolver [AsyncResolver-bootstrap-executor-0] Resolving eureka endpoints via configuration
2022-11-25 14:41:57,411 INFO com.netflix.discovery.shared.resolver.aws.ConfigClusterResolver [AsyncResolver-bootstrap-executor-0] Resolving eureka endpoints via configuration
2022-11-25 14:46:57,416 INFO com.netflix.discovery.shared.resolver.aws.ConfigClusterResolver [AsyncResolver-bootstrap-executor-0] Resolving eureka endpoints via configuration
2022-11-25 14:51:57,417 INFO com.netflix.discovery.shared.resolver.aws.ConfigClusterResolver [AsyncResolver-bootstrap-executor-0] Resolving eureka endpoints via configuration
2022-11-25 14:52:53,021 INFO org.springframework.boot.admin.SpringApplicationAdminMXBeanRegistrar$SpringApplicationAdmin [RMI TCP Connection(965)-127.0.0.1] Application shutdown requested.
2022-11-25 14:52:53,028 INFO org.springframework.cloud.netflix.eureka.serviceregistry.EurekaServiceRegistry [RMI TCP Connection(965)-127.0.0.1] Unregistering application EXCEL-SERVICE with eureka with status DOWN
2022-11-25 14:52:53,030 INFO com.netflix.discovery.DiscoveryClient$3 [RMI TCP Connection(965)-127.0.0.1] Saw local status change event StatusChangeEvent [timestamp=1669368173030, current=DOWN, previous=UP]
2022-11-25 14:52:53,031 INFO com.netflix.discovery.DiscoveryClient [DiscoveryClient-InstanceInfoReplicator-0] DiscoveryClient_EXCEL-SERVICE/rpkreddy:EXCEL-SERVICE:8082: registering service...
2022-11-25 14:52:53,041 INFO org.quartz.core.QuartzScheduler [RMI TCP Connection(965)-127.0.0.1] Scheduler quartzScheduler_$_NON_CLUSTERED paused.
2022-11-25 14:52:53,071 INFO com.netflix.discovery.DiscoveryClient [DiscoveryClient-InstanceInfoReplicator-0] DiscoveryClient_EXCEL-SERVICE/rpkreddy:EXCEL-SERVICE:8082 - registration status: 204
2022-11-25 14:52:53,123 INFO org.apache.juli.logging.DirectJDKLog [RMI TCP Connection(965)-127.0.0.1] Pausing ProtocolHandler ["http-nio-8082"]
2022-11-25 14:52:53,123 INFO org.apache.juli.logging.DirectJDKLog [RMI TCP Connection(965)-127.0.0.1] Stopping service [Tomcat]
2022-11-25 14:52:53,137 INFO org.apache.juli.logging.DirectJDKLog [RMI TCP Connection(965)-127.0.0.1] Destroying Spring FrameworkServlet 'dispatcherServlet'
2022-11-25 14:52:53,165 INFO org.apache.juli.logging.DirectJDKLog [RMI TCP Connection(965)-127.0.0.1] Stopping ProtocolHandler ["http-nio-8082"]
2022-11-25 14:52:53,181 INFO org.apache.juli.logging.DirectJDKLog [RMI TCP Connection(965)-127.0.0.1] Destroying ProtocolHandler ["http-nio-8082"]
2022-11-25 14:52:53,196 INFO org.springframework.scheduling.quartz.SchedulerFactoryBean [RMI TCP Connection(965)-127.0.0.1] Shutting down Quartz Scheduler
2022-11-25 14:52:53,199 INFO org.quartz.core.QuartzScheduler [RMI TCP Connection(965)-127.0.0.1] Scheduler quartzScheduler_$_NON_CLUSTERED shutting down.
2022-11-25 14:52:53,202 INFO org.quartz.core.QuartzScheduler [RMI TCP Connection(965)-127.0.0.1] Scheduler quartzScheduler_$_NON_CLUSTERED paused.
2022-11-25 14:52:53,203 INFO org.quartz.core.QuartzScheduler [RMI TCP Connection(965)-127.0.0.1] Scheduler quartzScheduler_$_NON_CLUSTERED shutdown complete.
2022-11-25 14:52:53,232 INFO com.netflix.discovery.DiscoveryClient [RMI TCP Connection(965)-127.0.0.1] Shutting down DiscoveryClient ...
2022-11-25 14:52:56,256 INFO com.netflix.discovery.DiscoveryClient [RMI TCP Connection(965)-127.0.0.1] Unregistering ...
2022-11-25 14:52:56,307 INFO com.netflix.discovery.DiscoveryClient [RMI TCP Connection(965)-127.0.0.1] DiscoveryClient_EXCEL-SERVICE/rpkreddy:EXCEL-SERVICE:8082 - deregister  status: 200
2022-11-25 14:52:56,324 INFO com.netflix.discovery.DiscoveryClient [RMI TCP Connection(965)-127.0.0.1] Completed shut down of DiscoveryClient
2022-11-25 14:59:21,316 INFO org.springframework.boot.StartupInfoLogger [main] Starting ScheduleExcelServiceApplication using Java 17.0.4.1 on rpkreddy with PID 22256 (C:\Users\PraveenKumarReddy\git\ExcelProject\schedule-excel-service\target\classes started by PraveenKumarReddy in C:\Users\PraveenKumarReddy\git\ExcelProject\schedule-excel-service)
2022-11-25 14:59:21,319 DEBUG org.springframework.boot.StartupInfoLogger [main] Running with Spring Boot v2.6.13, Spring v5.3.23
2022-11-25 14:59:21,320 INFO org.springframework.boot.SpringApplication [main] No active profile set, falling back to 1 default profile: "default"
2022-11-25 14:59:21,399 INFO org.springframework.boot.logging.DeferredLog [main] Fetching config from server at : http://localhost:8888
2022-11-25 14:59:21,399 INFO org.springframework.boot.logging.DeferredLog [main] Located environment: name=EXCEL-SERVICE, profiles=[default], label=null, version=16ee953a478f3095bec13862076f9c14ed9e7085, state=null
2022-11-25 14:59:22,872 INFO org.springframework.cloud.context.scope.GenericScope [main] BeanFactory id=9f4f674b-6038-3a04-ae8b-e3bf351c34d3
2022-11-25 14:59:23,312 INFO org.springframework.boot.web.embedded.tomcat.TomcatWebServer [main] Tomcat initialized with port(s): 8082 (http)
2022-11-25 14:59:23,335 INFO org.apache.juli.logging.DirectJDKLog [main] Initializing ProtocolHandler ["http-nio-8082"]
2022-11-25 14:59:23,335 INFO org.apache.juli.logging.DirectJDKLog [main] Starting service [Tomcat]
2022-11-25 14:59:23,336 INFO org.apache.juli.logging.DirectJDKLog [main] Starting Servlet engine: [Apache Tomcat/9.0.68]
2022-11-25 14:59:23,552 INFO org.apache.juli.logging.DirectJDKLog [main] Initializing Spring embedded WebApplicationContext
2022-11-25 14:59:23,552 INFO org.springframework.boot.web.servlet.context.ServletWebServerApplicationContext [main] Root WebApplicationContext: initialization completed in 2148 ms
2022-11-25 14:59:24,008 INFO org.springframework.cloud.openfeign.FeignClientFactoryBean [main] For 'SCHEDULE-SERVICE' URL not provided. Will try picking an instance via load-balancing.
2022-11-25 14:59:25,409 INFO org.quartz.impl.StdSchedulerFactory [main] Using default implementation for ThreadExecutor
2022-11-25 14:59:25,429 INFO org.quartz.core.SchedulerSignalerImpl [main] Initialized Scheduler Signaller of type: class org.quartz.core.SchedulerSignalerImpl
2022-11-25 14:59:25,430 INFO org.quartz.core.QuartzScheduler [main] Quartz Scheduler v.2.3.2 created.
2022-11-25 14:59:25,434 INFO org.quartz.simpl.RAMJobStore [main] RAMJobStore initialized.
2022-11-25 14:59:25,439 INFO org.quartz.core.QuartzScheduler [main] Scheduler meta-data: Quartz Scheduler (v2.3.2) 'quartzScheduler' with instanceId 'NON_CLUSTERED'
  Scheduler class: 'org.quartz.core.QuartzScheduler' - running locally.
  NOT STARTED.
  Currently in standby mode.
  Number of jobs executed: 0
  Using thread pool 'org.quartz.simpl.SimpleThreadPool' - with 10 threads.
  Using job-store 'org.quartz.simpl.RAMJobStore' - which does not support persistence. and is not clustered.

2022-11-25 14:59:25,439 INFO org.quartz.impl.StdSchedulerFactory [main] Quartz scheduler 'quartzScheduler' initialized from an externally provided properties instance.
2022-11-25 14:59:25,440 INFO org.quartz.impl.StdSchedulerFactory [main] Quartz scheduler version: 2.3.2
2022-11-25 14:59:25,441 INFO org.quartz.core.QuartzScheduler [main] JobFactory set to: org.springframework.scheduling.quartz.SpringBeanJobFactory@72bce309
2022-11-25 14:59:25,769 WARN org.springframework.boot.autoconfigure.security.servlet.UserDetailsServiceAutoConfiguration [main] 

Using generated security password: 84c73ac7-7ee7-4219-9f6d-45979474ae9f

This generated password is for development use only. Your security configuration must be updated before running your application in production.

2022-11-25 14:59:25,988 INFO org.springframework.boot.actuate.endpoint.web.EndpointLinksResolver [main] Exposing 17 endpoint(s) beneath base path '/actuator'
2022-11-25 14:59:26,008 INFO org.springframework.security.web.DefaultSecurityFilterChain [main] Will secure any request with [org.springframework.security.web.context.request.async.WebAsyncManagerIntegrationFilter@462b239f, org.springframework.security.web.context.SecurityContextPersistenceFilter@276aa33f, org.springframework.security.web.header.HeaderWriterFilter@5008559a, org.springframework.web.filter.CorsFilter@1fa29b9e, org.springframework.security.web.csrf.CsrfFilter@1ddc8fc, org.springframework.security.web.authentication.logout.LogoutFilter@2ab39942, org.springframework.security.web.authentication.UsernamePasswordAuthenticationFilter@531bec12, org.springframework.security.web.authentication.ui.DefaultLoginPageGeneratingFilter@1c14d24d, org.springframework.security.web.authentication.ui.DefaultLogoutPageGeneratingFilter@2d5e051e, org.springframework.security.web.authentication.www.BasicAuthenticationFilter@9976b27, org.springframework.security.web.savedrequest.RequestCacheAwareFilter@c85486, org.springframework.security.web.servletapi.SecurityContextHolderAwareRequestFilter@51e1e058, org.springframework.security.web.authentication.AnonymousAuthenticationFilter@2f29e630, org.springframework.security.web.session.SessionManagementFilter@490fbeaa, org.springframework.security.web.access.ExceptionTranslationFilter@1002b06d, org.springframework.security.web.access.intercept.FilterSecurityInterceptor@5e02fb23]
2022-11-25 14:59:26,265 INFO org.springframework.cloud.netflix.eureka.config.DiscoveryClientOptionalArgsConfiguration [main] Eureka HTTP Client uses RestTemplate.
2022-11-25 14:59:26,326 WARN org.springframework.cloud.loadbalancer.config.LoadBalancerCacheAutoConfiguration$LoadBalancerCaffeineWarnLogger [main] Spring Cloud LoadBalancer is currently working with the default cache. While this cache implementation is useful for development and tests, it's recommended to use Caffeine cache in production.You can switch to using Caffeine cache, by adding it and org.springframework.cache.caffeine.CaffeineCacheManager to the classpath.
2022-11-25 14:59:26,405 INFO org.springframework.cloud.netflix.eureka.InstanceInfoFactory [main] Setting initial instance status as: STARTING
2022-11-25 14:59:26,455 INFO com.netflix.discovery.DiscoveryClient [main] Initializing Eureka in region us-east-1
2022-11-25 14:59:26,465 INFO com.netflix.discovery.shared.resolver.aws.ConfigClusterResolver [main] Resolving eureka endpoints via configuration
2022-11-25 14:59:26,495 INFO com.netflix.discovery.DiscoveryClient [main] Disable delta property : false
2022-11-25 14:59:26,495 INFO com.netflix.discovery.DiscoveryClient [main] Single vip registry refresh property : null
2022-11-25 14:59:26,495 INFO com.netflix.discovery.DiscoveryClient [main] Force full registry fetch : false
2022-11-25 14:59:26,496 INFO com.netflix.discovery.DiscoveryClient [main] Application is null : false
2022-11-25 14:59:26,496 INFO com.netflix.discovery.DiscoveryClient [main] Registered Applications size is zero : true
2022-11-25 14:59:26,496 INFO com.netflix.discovery.DiscoveryClient [main] Application version is -1: true
2022-11-25 14:59:26,496 INFO com.netflix.discovery.DiscoveryClient [main] Getting all instance registry info from the eureka server
2022-11-25 14:59:26,802 INFO com.netflix.discovery.DiscoveryClient [main] The response status is 200
2022-11-25 14:59:26,806 INFO com.netflix.discovery.DiscoveryClient [main] Starting heartbeat executor: renew interval is: 30
2022-11-25 14:59:26,810 INFO com.netflix.discovery.InstanceInfoReplicator [main] InstanceInfoReplicator onDemand update allowed rate per min is 4
2022-11-25 14:59:26,817 INFO com.netflix.discovery.DiscoveryClient [main] Discovery Client initialized at timestamp 1669368566816 with initial instances count: 2
2022-11-25 14:59:26,819 INFO org.springframework.cloud.netflix.eureka.serviceregistry.EurekaServiceRegistry [main] Registering application EXCEL-SERVICE with eureka with status UP
2022-11-25 14:59:26,820 INFO com.netflix.discovery.DiscoveryClient$3 [main] Saw local status change event StatusChangeEvent [timestamp=1669368566820, current=UP, previous=STARTING]
2022-11-25 14:59:26,823 INFO com.netflix.discovery.DiscoveryClient [DiscoveryClient-InstanceInfoReplicator-0] DiscoveryClient_EXCEL-SERVICE/rpkreddy:EXCEL-SERVICE:8082: registering service...
2022-11-25 14:59:26,823 INFO org.apache.juli.logging.DirectJDKLog [main] Starting ProtocolHandler ["http-nio-8082"]
2022-11-25 14:59:26,855 INFO org.springframework.boot.web.embedded.tomcat.TomcatWebServer [main] Tomcat started on port(s): 8082 (http) with context path ''
2022-11-25 14:59:26,856 INFO org.springframework.cloud.netflix.eureka.serviceregistry.EurekaAutoServiceRegistration [main] Updating port to 8082
2022-11-25 14:59:26,882 INFO com.netflix.discovery.DiscoveryClient [DiscoveryClient-InstanceInfoReplicator-0] DiscoveryClient_EXCEL-SERVICE/rpkreddy:EXCEL-SERVICE:8082 - registration status: 204
2022-11-25 14:59:27,078 INFO org.springframework.scheduling.quartz.SchedulerFactoryBean [main] Starting Quartz Scheduler now
2022-11-25 14:59:27,079 INFO org.quartz.core.QuartzScheduler [main] Scheduler quartzScheduler_$_NON_CLUSTERED started.
2022-11-25 14:59:27,104 INFO org.springframework.boot.StartupInfoLogger [main] Started ScheduleExcelServiceApplication in 8.283 seconds (JVM running for 9.369)
2022-11-25 14:59:28,230 INFO org.apache.juli.logging.DirectJDKLog [RMI TCP Connection(8)-127.0.0.1] Initializing Spring DispatcherServlet 'dispatcherServlet'
2022-11-25 14:59:28,230 INFO org.springframework.web.servlet.FrameworkServlet [RMI TCP Connection(8)-127.0.0.1] Initializing Servlet 'dispatcherServlet'
2022-11-25 14:59:28,232 INFO org.springframework.web.servlet.FrameworkServlet [RMI TCP Connection(8)-127.0.0.1] Completed initialization in 1 ms
2022-11-25 15:04:26,501 INFO com.netflix.discovery.shared.resolver.aws.ConfigClusterResolver [AsyncResolver-bootstrap-executor-0] Resolving eureka endpoints via configuration
2022-11-25 15:09:26,503 INFO com.netflix.discovery.shared.resolver.aws.ConfigClusterResolver [AsyncResolver-bootstrap-executor-0] Resolving eureka endpoints via configuration
2022-11-25 15:14:26,507 INFO com.netflix.discovery.shared.resolver.aws.ConfigClusterResolver [AsyncResolver-bootstrap-executor-0] Resolving eureka endpoints via configuration
2022-11-25 15:19:26,509 INFO com.netflix.discovery.shared.resolver.aws.ConfigClusterResolver [AsyncResolver-bootstrap-executor-0] Resolving eureka endpoints via configuration
2022-11-25 15:24:26,510 INFO com.netflix.discovery.shared.resolver.aws.ConfigClusterResolver [AsyncResolver-bootstrap-executor-0] Resolving eureka endpoints via configuration
2022-11-25 15:29:26,529 INFO com.netflix.discovery.shared.resolver.aws.ConfigClusterResolver [AsyncResolver-bootstrap-executor-0] Resolving eureka endpoints via configuration
2022-11-25 15:34:26,534 INFO com.netflix.discovery.shared.resolver.aws.ConfigClusterResolver [AsyncResolver-bootstrap-executor-0] Resolving eureka endpoints via configuration
2022-11-25 15:39:26,537 INFO com.netflix.discovery.shared.resolver.aws.ConfigClusterResolver [AsyncResolver-bootstrap-executor-0] Resolving eureka endpoints via configuration
2022-11-25 15:44:26,539 INFO com.netflix.discovery.shared.resolver.aws.ConfigClusterResolver [AsyncResolver-bootstrap-executor-0] Resolving eureka endpoints via configuration
2022-11-25 15:44:39,614 INFO org.springframework.boot.admin.SpringApplicationAdminMXBeanRegistrar$SpringApplicationAdmin [RMI TCP Connection(54)-127.0.0.1] Application shutdown requested.
2022-11-25 15:44:39,623 INFO org.springframework.cloud.netflix.eureka.serviceregistry.EurekaServiceRegistry [RMI TCP Connection(54)-127.0.0.1] Unregistering application EXCEL-SERVICE with eureka with status DOWN
2022-11-25 15:44:39,624 INFO com.netflix.discovery.DiscoveryClient$3 [RMI TCP Connection(54)-127.0.0.1] Saw local status change event StatusChangeEvent [timestamp=1669371279624, current=DOWN, previous=UP]
2022-11-25 15:44:39,625 INFO com.netflix.discovery.DiscoveryClient [DiscoveryClient-InstanceInfoReplicator-0] DiscoveryClient_EXCEL-SERVICE/rpkreddy:EXCEL-SERVICE:8082: registering service...
2022-11-25 15:44:39,636 INFO org.quartz.core.QuartzScheduler [RMI TCP Connection(54)-127.0.0.1] Scheduler quartzScheduler_$_NON_CLUSTERED paused.
2022-11-25 15:44:39,640 INFO com.netflix.discovery.DiscoveryClient [DiscoveryClient-InstanceInfoReplicator-0] DiscoveryClient_EXCEL-SERVICE/rpkreddy:EXCEL-SERVICE:8082 - registration status: 204
2022-11-25 15:44:39,658 INFO org.apache.juli.logging.DirectJDKLog [RMI TCP Connection(54)-127.0.0.1] Pausing ProtocolHandler ["http-nio-8082"]
2022-11-25 15:44:39,659 INFO org.apache.juli.logging.DirectJDKLog [RMI TCP Connection(54)-127.0.0.1] Stopping service [Tomcat]
2022-11-25 15:44:39,663 INFO org.apache.juli.logging.DirectJDKLog [RMI TCP Connection(54)-127.0.0.1] Destroying Spring FrameworkServlet 'dispatcherServlet'
2022-11-25 15:44:39,679 INFO org.apache.juli.logging.DirectJDKLog [RMI TCP Connection(54)-127.0.0.1] Stopping ProtocolHandler ["http-nio-8082"]
2022-11-25 15:44:39,684 INFO org.apache.juli.logging.DirectJDKLog [RMI TCP Connection(54)-127.0.0.1] Destroying ProtocolHandler ["http-nio-8082"]
2022-11-25 15:44:39,692 INFO org.springframework.scheduling.quartz.SchedulerFactoryBean [RMI TCP Connection(54)-127.0.0.1] Shutting down Quartz Scheduler
2022-11-25 15:44:39,692 INFO org.quartz.core.QuartzScheduler [RMI TCP Connection(54)-127.0.0.1] Scheduler quartzScheduler_$_NON_CLUSTERED shutting down.
2022-11-25 15:44:39,693 INFO org.quartz.core.QuartzScheduler [RMI TCP Connection(54)-127.0.0.1] Scheduler quartzScheduler_$_NON_CLUSTERED paused.
2022-11-25 15:44:39,693 INFO org.quartz.core.QuartzScheduler [RMI TCP Connection(54)-127.0.0.1] Scheduler quartzScheduler_$_NON_CLUSTERED shutdown complete.
2022-11-25 15:44:39,703 INFO com.netflix.discovery.DiscoveryClient [RMI TCP Connection(54)-127.0.0.1] Shutting down DiscoveryClient ...
2022-11-25 15:44:42,719 INFO com.netflix.discovery.DiscoveryClient [RMI TCP Connection(54)-127.0.0.1] Unregistering ...
2022-11-25 15:44:42,729 INFO com.netflix.discovery.DiscoveryClient [RMI TCP Connection(54)-127.0.0.1] DiscoveryClient_EXCEL-SERVICE/rpkreddy:EXCEL-SERVICE:8082 - deregister  status: 200
2022-11-25 15:44:42,740 INFO com.netflix.discovery.DiscoveryClient [RMI TCP Connection(54)-127.0.0.1] Completed shut down of DiscoveryClient
2022-11-25 15:44:48,760 INFO org.springframework.boot.StartupInfoLogger [main] Starting ScheduleExcelServiceApplication using Java 17.0.4.1 on rpkreddy with PID 28572 (C:\Users\PraveenKumarReddy\git\ExcelProject\schedule-excel-service\target\classes started by PraveenKumarReddy in C:\Users\PraveenKumarReddy\git\ExcelProject\schedule-excel-service)
2022-11-25 15:44:48,765 DEBUG org.springframework.boot.StartupInfoLogger [main] Running with Spring Boot v2.6.13, Spring v5.3.23
2022-11-25 15:44:48,765 INFO org.springframework.boot.SpringApplication [main] No active profile set, falling back to 1 default profile: "default"
2022-11-25 15:44:48,842 INFO org.springframework.boot.logging.DeferredLog [main] Fetching config from server at : http://localhost:8888
2022-11-25 15:44:48,843 INFO org.springframework.boot.logging.DeferredLog [main] Located environment: name=EXCEL-SERVICE, profiles=[default], label=null, version=7543ed01a93c333a1f9bd1a43559c1c6fdbe31b3, state=null
2022-11-25 15:44:50,507 INFO org.springframework.cloud.context.scope.GenericScope [main] BeanFactory id=9f4f674b-6038-3a04-ae8b-e3bf351c34d3
2022-11-25 15:44:51,033 INFO org.springframework.boot.web.embedded.tomcat.TomcatWebServer [main] Tomcat initialized with port(s): 8082 (http)
2022-11-25 15:44:51,051 INFO org.apache.juli.logging.DirectJDKLog [main] Initializing ProtocolHandler ["http-nio-8082"]
2022-11-25 15:44:51,052 INFO org.apache.juli.logging.DirectJDKLog [main] Starting service [Tomcat]
2022-11-25 15:44:51,053 INFO org.apache.juli.logging.DirectJDKLog [main] Starting Servlet engine: [Apache Tomcat/9.0.68]
2022-11-25 15:44:51,326 INFO org.apache.juli.logging.DirectJDKLog [main] Initializing Spring embedded WebApplicationContext
2022-11-25 15:44:51,327 INFO org.springframework.boot.web.servlet.context.ServletWebServerApplicationContext [main] Root WebApplicationContext: initialization completed in 2480 ms
2022-11-25 15:44:51,740 INFO org.springframework.cloud.openfeign.FeignClientFactoryBean [main] For 'SCHEDULE-SERVICE' URL not provided. Will try picking an instance via load-balancing.
2022-11-25 15:44:52,872 INFO org.quartz.impl.StdSchedulerFactory [main] Using default implementation for ThreadExecutor
2022-11-25 15:44:52,888 INFO org.quartz.core.SchedulerSignalerImpl [main] Initialized Scheduler Signaller of type: class org.quartz.core.SchedulerSignalerImpl
2022-11-25 15:44:52,889 INFO org.quartz.core.QuartzScheduler [main] Quartz Scheduler v.2.3.2 created.
2022-11-25 15:44:52,893 INFO org.quartz.simpl.RAMJobStore [main] RAMJobStore initialized.
2022-11-25 15:44:52,895 INFO org.quartz.core.QuartzScheduler [main] Scheduler meta-data: Quartz Scheduler (v2.3.2) 'quartzScheduler' with instanceId 'NON_CLUSTERED'
  Scheduler class: 'org.quartz.core.QuartzScheduler' - running locally.
  NOT STARTED.
  Currently in standby mode.
  Number of jobs executed: 0
  Using thread pool 'org.quartz.simpl.SimpleThreadPool' - with 10 threads.
  Using job-store 'org.quartz.simpl.RAMJobStore' - which does not support persistence. and is not clustered.

2022-11-25 15:44:52,895 INFO org.quartz.impl.StdSchedulerFactory [main] Quartz scheduler 'quartzScheduler' initialized from an externally provided properties instance.
2022-11-25 15:44:52,896 INFO org.quartz.impl.StdSchedulerFactory [main] Quartz scheduler version: 2.3.2
2022-11-25 15:44:52,897 INFO org.quartz.core.QuartzScheduler [main] JobFactory set to: org.springframework.scheduling.quartz.SpringBeanJobFactory@5296f00c
2022-11-25 15:44:53,143 WARN org.springframework.boot.autoconfigure.security.servlet.UserDetailsServiceAutoConfiguration [main] 

Using generated security password: e5b2bf92-0bc0-4824-9c81-6c9dbdebc417

This generated password is for development use only. Your security configuration must be updated before running your application in production.

2022-11-25 15:44:53,313 INFO org.springframework.boot.actuate.endpoint.web.EndpointLinksResolver [main] Exposing 17 endpoint(s) beneath base path '/actuator'
2022-11-25 15:44:53,332 INFO org.springframework.security.web.DefaultSecurityFilterChain [main] Will secure any request with [org.springframework.security.web.context.request.async.WebAsyncManagerIntegrationFilter@30811f91, org.springframework.security.web.context.SecurityContextPersistenceFilter@51e1e058, org.springframework.security.web.header.HeaderWriterFilter@35dc849b, org.springframework.web.filter.CorsFilter@3bf40c74, org.springframework.security.web.csrf.CsrfFilter@738ed8f5, org.springframework.security.web.authentication.logout.LogoutFilter@61b76a7d, org.springframework.security.web.authentication.UsernamePasswordAuthenticationFilter@587f6634, org.springframework.security.web.authentication.ui.DefaultLoginPageGeneratingFilter@1820f274, org.springframework.security.web.authentication.ui.DefaultLogoutPageGeneratingFilter@665f88e1, org.springframework.security.web.authentication.www.BasicAuthenticationFilter@2d5e051e, org.springframework.security.web.savedrequest.RequestCacheAwareFilter@25d23478, org.springframework.security.web.servletapi.SecurityContextHolderAwareRequestFilter@677c2820, org.springframework.security.web.authentication.AnonymousAuthenticationFilter@6a7ea7c, org.springframework.security.web.session.SessionManagementFilter@34065642, org.springframework.security.web.access.ExceptionTranslationFilter@4c0bfe9e, org.springframework.security.web.access.intercept.FilterSecurityInterceptor@5c1687d1]
2022-11-25 15:44:53,582 INFO org.springframework.cloud.netflix.eureka.config.DiscoveryClientOptionalArgsConfiguration [main] Eureka HTTP Client uses RestTemplate.
2022-11-25 15:44:53,642 WARN org.springframework.cloud.loadbalancer.config.LoadBalancerCacheAutoConfiguration$LoadBalancerCaffeineWarnLogger [main] Spring Cloud LoadBalancer is currently working with the default cache. While this cache implementation is useful for development and tests, it's recommended to use Caffeine cache in production.You can switch to using Caffeine cache, by adding it and org.springframework.cache.caffeine.CaffeineCacheManager to the classpath.
2022-11-25 15:44:53,730 INFO org.springframework.cloud.netflix.eureka.InstanceInfoFactory [main] Setting initial instance status as: STARTING
2022-11-25 15:44:53,781 INFO com.netflix.discovery.DiscoveryClient [main] Initializing Eureka in region us-east-1
2022-11-25 15:44:53,791 INFO com.netflix.discovery.shared.resolver.aws.ConfigClusterResolver [main] Resolving eureka endpoints via configuration
2022-11-25 15:44:53,821 INFO com.netflix.discovery.DiscoveryClient [main] Disable delta property : false
2022-11-25 15:44:53,822 INFO com.netflix.discovery.DiscoveryClient [main] Single vip registry refresh property : null
2022-11-25 15:44:53,822 INFO com.netflix.discovery.DiscoveryClient [main] Force full registry fetch : false
2022-11-25 15:44:53,823 INFO com.netflix.discovery.DiscoveryClient [main] Application is null : false
2022-11-25 15:44:53,823 INFO com.netflix.discovery.DiscoveryClient [main] Registered Applications size is zero : true
2022-11-25 15:44:53,824 INFO com.netflix.discovery.DiscoveryClient [main] Application version is -1: true
2022-11-25 15:44:53,824 INFO com.netflix.discovery.DiscoveryClient [main] Getting all instance registry info from the eureka server
2022-11-25 15:44:54,167 INFO com.netflix.discovery.DiscoveryClient [main] The response status is 200
2022-11-25 15:44:54,175 INFO com.netflix.discovery.DiscoveryClient [main] Starting heartbeat executor: renew interval is: 30
2022-11-25 15:44:54,181 INFO com.netflix.discovery.InstanceInfoReplicator [main] InstanceInfoReplicator onDemand update allowed rate per min is 4
2022-11-25 15:44:54,191 INFO com.netflix.discovery.DiscoveryClient [main] Discovery Client initialized at timestamp 1669371294190 with initial instances count: 4
2022-11-25 15:44:54,193 INFO org.springframework.cloud.netflix.eureka.serviceregistry.EurekaServiceRegistry [main] Registering application EXCEL-SERVICE with eureka with status UP
2022-11-25 15:44:54,193 INFO com.netflix.discovery.DiscoveryClient$3 [main] Saw local status change event StatusChangeEvent [timestamp=1669371294193, current=UP, previous=STARTING]
2022-11-25 15:44:54,196 INFO org.apache.juli.logging.DirectJDKLog [main] Starting ProtocolHandler ["http-nio-8082"]
2022-11-25 15:44:54,196 INFO com.netflix.discovery.DiscoveryClient [DiscoveryClient-InstanceInfoReplicator-0] DiscoveryClient_EXCEL-SERVICE/rpkreddy:EXCEL-SERVICE:8082: registering service...
2022-11-25 15:44:54,237 INFO org.springframework.boot.web.embedded.tomcat.TomcatWebServer [main] Tomcat started on port(s): 8082 (http) with context path ''
2022-11-25 15:44:54,238 INFO org.springframework.cloud.netflix.eureka.serviceregistry.EurekaAutoServiceRegistration [main] Updating port to 8082
2022-11-25 15:44:54,263 INFO com.netflix.discovery.DiscoveryClient [DiscoveryClient-InstanceInfoReplicator-0] DiscoveryClient_EXCEL-SERVICE/rpkreddy:EXCEL-SERVICE:8082 - registration status: 204
2022-11-25 15:44:54,481 INFO org.springframework.scheduling.quartz.SchedulerFactoryBean [main] Starting Quartz Scheduler now
2022-11-25 15:44:54,482 INFO org.quartz.core.QuartzScheduler [main] Scheduler quartzScheduler_$_NON_CLUSTERED started.
2022-11-25 15:44:54,512 INFO org.springframework.boot.StartupInfoLogger [main] Started ScheduleExcelServiceApplication in 8.184 seconds (JVM running for 9.359)
2022-11-25 15:44:55,720 INFO org.apache.juli.logging.DirectJDKLog [RMI TCP Connection(7)-127.0.0.1] Initializing Spring DispatcherServlet 'dispatcherServlet'
2022-11-25 15:44:55,721 INFO org.springframework.web.servlet.FrameworkServlet [RMI TCP Connection(7)-127.0.0.1] Initializing Servlet 'dispatcherServlet'
2022-11-25 15:44:55,725 INFO org.springframework.web.servlet.FrameworkServlet [RMI TCP Connection(7)-127.0.0.1] Completed initialization in 3 ms
2022-11-25 15:49:53,838 INFO com.netflix.discovery.shared.resolver.aws.ConfigClusterResolver [AsyncResolver-bootstrap-executor-0] Resolving eureka endpoints via configuration
2022-11-25 15:54:53,840 INFO com.netflix.discovery.shared.resolver.aws.ConfigClusterResolver [AsyncResolver-bootstrap-executor-0] Resolving eureka endpoints via configuration
2022-11-25 15:59:53,845 INFO com.netflix.discovery.shared.resolver.aws.ConfigClusterResolver [AsyncResolver-bootstrap-executor-0] Resolving eureka endpoints via configuration
2022-11-25 16:04:53,848 INFO com.netflix.discovery.shared.resolver.aws.ConfigClusterResolver [AsyncResolver-bootstrap-executor-0] Resolving eureka endpoints via configuration
2022-11-25 16:09:53,852 INFO com.netflix.discovery.shared.resolver.aws.ConfigClusterResolver [AsyncResolver-bootstrap-executor-0] Resolving eureka endpoints via configuration
2022-11-25 16:14:53,856 INFO com.netflix.discovery.shared.resolver.aws.ConfigClusterResolver [AsyncResolver-bootstrap-executor-0] Resolving eureka endpoints via configuration
2022-11-25 16:19:53,861 INFO com.netflix.discovery.shared.resolver.aws.ConfigClusterResolver [AsyncResolver-bootstrap-executor-0] Resolving eureka endpoints via configuration
2022-11-25 16:24:53,864 INFO com.netflix.discovery.shared.resolver.aws.ConfigClusterResolver [AsyncResolver-bootstrap-executor-0] Resolving eureka endpoints via configuration
2022-11-25 16:29:53,868 INFO com.netflix.discovery.shared.resolver.aws.ConfigClusterResolver [AsyncResolver-bootstrap-executor-0] Resolving eureka endpoints via configuration
2022-11-25 16:34:53,872 INFO com.netflix.discovery.shared.resolver.aws.ConfigClusterResolver [AsyncResolver-bootstrap-executor-0] Resolving eureka endpoints via configuration
2022-11-25 16:39:53,878 INFO com.netflix.discovery.shared.resolver.aws.ConfigClusterResolver [AsyncResolver-bootstrap-executor-0] Resolving eureka endpoints via configuration
2022-11-25 17:04:52,077 INFO com.netflix.discovery.shared.resolver.aws.ConfigClusterResolver [AsyncResolver-bootstrap-executor-0] Resolving eureka endpoints via configuration
2022-11-25 17:09:52,083 INFO com.netflix.discovery.shared.resolver.aws.ConfigClusterResolver [AsyncResolver-bootstrap-executor-0] Resolving eureka endpoints via configuration
2022-11-25 18:29:22,334 INFO com.netflix.discovery.shared.resolver.aws.ConfigClusterResolver [AsyncResolver-bootstrap-executor-0] Resolving eureka endpoints via configuration
2022-11-25 18:34:22,351 INFO com.netflix.discovery.shared.resolver.aws.ConfigClusterResolver [AsyncResolver-bootstrap-executor-0] Resolving eureka endpoints via configuration
2022-11-25 18:39:22,367 INFO com.netflix.discovery.shared.resolver.aws.ConfigClusterResolver [AsyncResolver-bootstrap-executor-0] Resolving eureka endpoints via configuration
2022-11-25 18:44:22,370 INFO com.netflix.discovery.shared.resolver.aws.ConfigClusterResolver [AsyncResolver-bootstrap-executor-0] Resolving eureka endpoints via configuration
2022-11-25 18:49:22,373 INFO com.netflix.discovery.shared.resolver.aws.ConfigClusterResolver [AsyncResolver-bootstrap-executor-0] Resolving eureka endpoints via configuration
2022-11-25 18:54:22,376 INFO com.netflix.discovery.shared.resolver.aws.ConfigClusterResolver [AsyncResolver-bootstrap-executor-0] Resolving eureka endpoints via configuration
