2022-11-25 09:58:05,979 INFO org.hibernate.validator.internal.util.Version [background-preinit] HV000001: Hibernate Validator 6.2.5.Final
2022-11-25 09:58:06,434 INFO org.springframework.boot.StartupInfoLogger [main] Starting ScheduleCloudGatewayApplication using Java 17.0.4.1 on rpkreddy with PID 17812 (C:\Users\PraveenKumarReddy\git\ExcelProject\schedule-cloud-gateway\target\classes started by PraveenKumarReddy in C:\Users\PraveenKumarReddy\git\ExcelProject\schedule-cloud-gateway)
2022-11-25 09:58:06,436 INFO org.springframework.boot.SpringApplication [main] No active profile set, falling back to 1 default profile: "default"
2022-11-25 09:58:06,523 INFO org.springframework.boot.logging.DeferredLog [main] Fetching config from server at : http://localhost:8888
2022-11-25 09:58:06,524 INFO org.springframework.boot.logging.DeferredLog [main] Located environment: name=GATEWAY, profiles=[default], label=null, version=899f67127179522dd6a7207b721f0ba6c44de42d, state=null
2022-11-25 09:58:08,072 INFO org.springframework.cloud.context.scope.GenericScope [main] BeanFactory id=17394b1e-38a3-36ce-936c-20403db1a1a1
2022-11-25 09:58:08,227 INFO org.springframework.context.support.PostProcessorRegistrationDelegate$BeanPostProcessorChecker [main] Bean 'org.springframework.cloud.client.loadbalancer.reactive.LoadBalancerBeanPostProcessorAutoConfiguration' of type [org.springframework.cloud.client.loadbalancer.reactive.LoadBalancerBeanPostProcessorAutoConfiguration] is not eligible for getting processed by all BeanPostProcessors (for example: not eligible for auto-proxying)
2022-11-25 09:58:08,230 INFO org.springframework.context.support.PostProcessorRegistrationDelegate$BeanPostProcessorChecker [main] Bean 'org.springframework.cloud.client.loadbalancer.reactive.LoadBalancerBeanPostProcessorAutoConfiguration$ReactorDeferringLoadBalancerFilterConfig' of type [org.springframework.cloud.client.loadbalancer.reactive.LoadBalancerBeanPostProcessorAutoConfiguration$ReactorDeferringLoadBalancerFilterConfig] is not eligible for getting processed by all BeanPostProcessors (for example: not eligible for auto-proxying)
2022-11-25 09:58:08,232 INFO org.springframework.context.support.PostProcessorRegistrationDelegate$BeanPostProcessorChecker [main] Bean 'reactorDeferringLoadBalancerExchangeFilterFunction' of type [org.springframework.cloud.client.loadbalancer.reactive.DeferringLoadBalancerExchangeFilterFunction] is not eligible for getting processed by all BeanPostProcessors (for example: not eligible for auto-proxying)
2022-11-25 09:58:08,566 INFO org.springframework.boot.web.embedded.tomcat.TomcatWebServer [main] Tomcat initialized with port(s): 9000 (http)
2022-11-25 09:58:08,596 INFO org.apache.juli.logging.DirectJDKLog [main] Initializing ProtocolHandler ["http-nio-9000"]
2022-11-25 09:58:08,598 INFO org.apache.juli.logging.DirectJDKLog [main] Starting service [Tomcat]
2022-11-25 09:58:08,599 INFO org.apache.juli.logging.DirectJDKLog [main] Starting Servlet engine: [Apache Tomcat/9.0.68]
2022-11-25 09:58:09,007 INFO org.apache.juli.logging.DirectJDKLog [main] Initializing Spring embedded WebApplicationContext
2022-11-25 09:58:09,008 INFO org.springframework.boot.web.servlet.context.ServletWebServerApplicationContext [main] Root WebApplicationContext: initialization completed in 2479 ms
2022-11-25 09:58:09,339 WARN org.springframework.context.support.AbstractApplicationContext [main] Exception encountered during context initialization - cancelling refresh attempt: org.springframework.beans.factory.BeanCreationException: Error creating bean with name 'securityConfig': Injection of autowired dependencies failed; nested exception is org.springframework.beans.factory.NoSuchBeanDefinitionException: No qualifying bean of type 'org.springframework.security.config.annotation.ObjectPostProcessor<?>' available
2022-11-25 09:58:09,346 INFO org.apache.juli.logging.DirectJDKLog [main] Stopping service [Tomcat]
2022-11-25 09:58:09,386 INFO org.springframework.boot.autoconfigure.logging.ConditionEvaluationReportLoggingListener [main] 

Error starting ApplicationContext. To display the conditions report re-run your application with 'debug' enabled.
2022-11-25 09:58:09,424 ERROR org.springframework.boot.diagnostics.LoggingFailureAnalysisReporter [main] 

***************************
APPLICATION FAILED TO START
***************************

Description:

A component required a bean of type 'org.springframework.security.config.annotation.ObjectPostProcessor' that could not be found.


Action:

Consider defining a bean of type 'org.springframework.security.config.annotation.ObjectPostProcessor' in your configuration.

