2022-11-25 09:31:47,218 INFO com.netflix.discovery.shared.resolver.aws.ConfigClusterResolver [AsyncResolver-bootstrap-executor-0] Resolving eureka endpoints via configuration
2022-11-25 09:36:47,275 INFO com.netflix.discovery.shared.resolver.aws.ConfigClusterResolver [AsyncResolver-bootstrap-executor-0] Resolving eureka endpoints via configuration
2022-11-25 09:41:47,288 INFO com.netflix.discovery.shared.resolver.aws.ConfigClusterResolver [AsyncResolver-bootstrap-executor-0] Resolving eureka endpoints via configuration
2022-11-25 09:46:47,303 INFO com.netflix.discovery.shared.resolver.aws.ConfigClusterResolver [AsyncResolver-bootstrap-executor-0] Resolving eureka endpoints via configuration
2022-11-25 09:51:47,311 INFO com.netflix.discovery.shared.resolver.aws.ConfigClusterResolver [AsyncResolver-bootstrap-executor-0] Resolving eureka endpoints via configuration
2022-11-25 09:56:47,320 INFO com.netflix.discovery.shared.resolver.aws.ConfigClusterResolver [AsyncResolver-bootstrap-executor-0] Resolving eureka endpoints via configuration
2022-11-25 09:58:05,394 INFO org.springframework.cloud.config.server.environment.NativeEnvironmentRepository [http-nio-8888-exec-7] Adding property source: Config resource 'file [C:\Users\PRAVEE~1\AppData\Local\Temp\config-repo-2520287933326519470\GATEWAY.yml]' via location 'file:/C:/Users/PRAVEE~1/AppData/Local/Temp/config-repo-2520287933326519470/'
2022-11-25 10:01:47,332 INFO com.netflix.discovery.shared.resolver.aws.ConfigClusterResolver [AsyncResolver-bootstrap-executor-0] Resolving eureka endpoints via configuration
2022-11-25 10:06:47,344 INFO com.netflix.discovery.shared.resolver.aws.ConfigClusterResolver [AsyncResolver-bootstrap-executor-0] Resolving eureka endpoints via configuration
2022-11-25 10:11:47,362 INFO com.netflix.discovery.shared.resolver.aws.ConfigClusterResolver [AsyncResolver-bootstrap-executor-0] Resolving eureka endpoints via configuration
2022-11-25 10:16:47,371 INFO com.netflix.discovery.shared.resolver.aws.ConfigClusterResolver [AsyncResolver-bootstrap-executor-0] Resolving eureka endpoints via configuration
2022-11-25 10:21:47,378 INFO com.netflix.discovery.shared.resolver.aws.ConfigClusterResolver [AsyncResolver-bootstrap-executor-0] Resolving eureka endpoints via configuration
2022-11-25 10:26:47,393 INFO com.netflix.discovery.shared.resolver.aws.ConfigClusterResolver [AsyncResolver-bootstrap-executor-0] Resolving eureka endpoints via configuration
2022-11-25 10:31:47,398 INFO com.netflix.discovery.shared.resolver.aws.ConfigClusterResolver [AsyncResolver-bootstrap-executor-0] Resolving eureka endpoints via configuration
2022-11-25 10:36:47,406 INFO com.netflix.discovery.shared.resolver.aws.ConfigClusterResolver [AsyncResolver-bootstrap-executor-0] Resolving eureka endpoints via configuration
2022-11-25 10:41:14,365 INFO org.springframework.cloud.config.server.environment.NativeEnvironmentRepository [http-nio-8888-exec-9] Adding property source: Config resource 'file [C:\Users\PRAVEE~1\AppData\Local\Temp\config-repo-2520287933326519470\GATEWAY.yml]' via location 'file:/C:/Users/PRAVEE~1/AppData/Local/Temp/config-repo-2520287933326519470/'
2022-11-25 10:41:47,409 INFO com.netflix.discovery.shared.resolver.aws.ConfigClusterResolver [AsyncResolver-bootstrap-executor-0] Resolving eureka endpoints via configuration
2022-11-25 10:42:01,164 INFO org.springframework.cloud.config.server.environment.NativeEnvironmentRepository [http-nio-8888-exec-1] Adding property source: Config resource 'file [C:\Users\PRAVEE~1\AppData\Local\Temp\config-repo-2520287933326519470\GATEWAY.yml]' via location 'file:/C:/Users/PRAVEE~1/AppData/Local/Temp/config-repo-2520287933326519470/'
2022-11-25 10:43:35,824 INFO org.springframework.cloud.config.server.environment.NativeEnvironmentRepository [http-nio-8888-exec-3] Adding property source: Config resource 'file [C:\Users\PRAVEE~1\AppData\Local\Temp\config-repo-2520287933326519470\GATEWAY.yml]' via location 'file:/C:/Users/PRAVEE~1/AppData/Local/Temp/config-repo-2520287933326519470/'
2022-11-25 10:44:36,150 INFO org.springframework.cloud.config.server.environment.NativeEnvironmentRepository [http-nio-8888-exec-4] Adding property source: Config resource 'file [C:\Users\PRAVEE~1\AppData\Local\Temp\config-repo-2520287933326519470\GATEWAY.yml]' via location 'file:/C:/Users/PRAVEE~1/AppData/Local/Temp/config-repo-2520287933326519470/'
2022-11-25 10:46:47,421 INFO com.netflix.discovery.shared.resolver.aws.ConfigClusterResolver [AsyncResolver-bootstrap-executor-0] Resolving eureka endpoints via configuration
2022-11-25 10:51:47,428 INFO com.netflix.discovery.shared.resolver.aws.ConfigClusterResolver [AsyncResolver-bootstrap-executor-0] Resolving eureka endpoints via configuration
2022-11-25 10:56:47,433 INFO com.netflix.discovery.shared.resolver.aws.ConfigClusterResolver [AsyncResolver-bootstrap-executor-0] Resolving eureka endpoints via configuration
2022-11-25 10:57:21,375 INFO org.springframework.cloud.config.server.environment.NativeEnvironmentRepository [http-nio-8888-exec-7] Adding property source: Config resource 'file [C:\Users\PRAVEE~1\AppData\Local\Temp\config-repo-2520287933326519470\GATEWAY.yml]' via location 'file:/C:/Users/PRAVEE~1/AppData/Local/Temp/config-repo-2520287933326519470/'
2022-11-25 10:58:38,758 INFO org.springframework.cloud.config.server.environment.NativeEnvironmentRepository [http-nio-8888-exec-9] Adding property source: Config resource 'file [C:\Users\PRAVEE~1\AppData\Local\Temp\config-repo-2520287933326519470\GATEWAY.yml]' via location 'file:/C:/Users/PRAVEE~1/AppData/Local/Temp/config-repo-2520287933326519470/'
2022-11-25 11:00:33,502 INFO org.springframework.cloud.config.server.environment.JGitEnvironmentRepository [http-nio-8888-exec-1] Fetched for remote main and found 1 updates
2022-11-25 11:00:33,593 INFO org.springframework.cloud.config.server.environment.NativeEnvironmentRepository [http-nio-8888-exec-1] Adding property source: Config resource 'file [C:\Users\PRAVEE~1\AppData\Local\Temp\config-repo-2520287933326519470\GATEWAY.yml]' via location 'file:/C:/Users/PRAVEE~1/AppData/Local/Temp/config-repo-2520287933326519470/'
2022-11-25 11:01:47,440 INFO com.netflix.discovery.shared.resolver.aws.ConfigClusterResolver [AsyncResolver-bootstrap-executor-0] Resolving eureka endpoints via configuration
2022-11-25 11:06:20,637 INFO org.springframework.cloud.config.server.environment.NativeEnvironmentRepository [http-nio-8888-exec-3] Adding property source: Config resource 'file [C:\Users\PRAVEE~1\AppData\Local\Temp\config-repo-2520287933326519470\GATEWAY.yml]' via location 'file:/C:/Users/PRAVEE~1/AppData/Local/Temp/config-repo-2520287933326519470/'
2022-11-25 11:06:47,451 INFO com.netflix.discovery.shared.resolver.aws.ConfigClusterResolver [AsyncResolver-bootstrap-executor-0] Resolving eureka endpoints via configuration
2022-11-25 11:10:09,346 INFO org.springframework.cloud.config.server.environment.NativeEnvironmentRepository [http-nio-8888-exec-4] Adding property source: Config resource 'file [C:\Users\PRAVEE~1\AppData\Local\Temp\config-repo-2520287933326519470\GATEWAY.yml]' via location 'file:/C:/Users/PRAVEE~1/AppData/Local/Temp/config-repo-2520287933326519470/'
2022-11-25 11:11:19,086 INFO org.springframework.cloud.config.server.environment.NativeEnvironmentRepository [http-nio-8888-exec-7] Adding property source: Config resource 'file [C:\Users\PRAVEE~1\AppData\Local\Temp\config-repo-2520287933326519470\GATEWAY.yml]' via location 'file:/C:/Users/PRAVEE~1/AppData/Local/Temp/config-repo-2520287933326519470/'
2022-11-25 11:11:47,459 INFO com.netflix.discovery.shared.resolver.aws.ConfigClusterResolver [AsyncResolver-bootstrap-executor-0] Resolving eureka endpoints via configuration
2022-11-25 11:15:54,523 INFO org.springframework.cloud.config.server.environment.NativeEnvironmentRepository [http-nio-8888-exec-9] Adding property source: Config resource 'file [C:\Users\PRAVEE~1\AppData\Local\Temp\config-repo-2520287933326519470\GATEWAY.yml]' via location 'file:/C:/Users/PRAVEE~1/AppData/Local/Temp/config-repo-2520287933326519470/'
2022-11-25 11:16:47,465 INFO com.netflix.discovery.shared.resolver.aws.ConfigClusterResolver [AsyncResolver-bootstrap-executor-0] Resolving eureka endpoints via configuration
2022-11-25 11:21:47,474 INFO com.netflix.discovery.shared.resolver.aws.ConfigClusterResolver [AsyncResolver-bootstrap-executor-0] Resolving eureka endpoints via configuration
2022-11-25 11:22:37,188 INFO org.springframework.cloud.config.server.environment.NativeEnvironmentRepository [http-nio-8888-exec-1] Adding property source: Config resource 'file [C:\Users\PRAVEE~1\AppData\Local\Temp\config-repo-2520287933326519470\GATEWAY.yml]' via location 'file:/C:/Users/PRAVEE~1/AppData/Local/Temp/config-repo-2520287933326519470/'
2022-11-25 11:26:47,484 INFO com.netflix.discovery.shared.resolver.aws.ConfigClusterResolver [AsyncResolver-bootstrap-executor-0] Resolving eureka endpoints via configuration
2022-11-25 11:31:47,491 INFO com.netflix.discovery.shared.resolver.aws.ConfigClusterResolver [AsyncResolver-bootstrap-executor-0] Resolving eureka endpoints via configuration
2022-11-25 11:36:47,530 INFO com.netflix.discovery.shared.resolver.aws.ConfigClusterResolver [AsyncResolver-bootstrap-executor-0] Resolving eureka endpoints via configuration
2022-11-25 11:37:55,878 INFO org.springframework.cloud.config.server.environment.NativeEnvironmentRepository [http-nio-8888-exec-3] Adding property source: Config resource 'file [C:\Users\PRAVEE~1\AppData\Local\Temp\config-repo-2520287933326519470\GATEWAY.yml]' via location 'file:/C:/Users/PRAVEE~1/AppData/Local/Temp/config-repo-2520287933326519470/'
2022-11-25 11:41:47,547 INFO com.netflix.discovery.shared.resolver.aws.ConfigClusterResolver [AsyncResolver-bootstrap-executor-0] Resolving eureka endpoints via configuration
2022-11-25 11:46:47,555 INFO com.netflix.discovery.shared.resolver.aws.ConfigClusterResolver [AsyncResolver-bootstrap-executor-0] Resolving eureka endpoints via configuration
2022-11-25 11:51:47,567 INFO com.netflix.discovery.shared.resolver.aws.ConfigClusterResolver [AsyncResolver-bootstrap-executor-0] Resolving eureka endpoints via configuration
2022-11-25 11:56:47,582 INFO com.netflix.discovery.shared.resolver.aws.ConfigClusterResolver [AsyncResolver-bootstrap-executor-0] Resolving eureka endpoints via configuration
2022-11-25 12:01:47,597 INFO com.netflix.discovery.shared.resolver.aws.ConfigClusterResolver [AsyncResolver-bootstrap-executor-0] Resolving eureka endpoints via configuration
2022-11-25 12:06:47,603 INFO com.netflix.discovery.shared.resolver.aws.ConfigClusterResolver [AsyncResolver-bootstrap-executor-0] Resolving eureka endpoints via configuration
2022-11-25 12:11:47,608 INFO com.netflix.discovery.shared.resolver.aws.ConfigClusterResolver [AsyncResolver-bootstrap-executor-0] Resolving eureka endpoints via configuration
2022-11-25 12:16:47,614 INFO com.netflix.discovery.shared.resolver.aws.ConfigClusterResolver [AsyncResolver-bootstrap-executor-0] Resolving eureka endpoints via configuration
2022-11-25 14:09:41,480 INFO com.netflix.discovery.shared.resolver.aws.ConfigClusterResolver [AsyncResolver-bootstrap-executor-0] Resolving eureka endpoints via configuration
2022-11-25 14:12:29,644 INFO org.springframework.cloud.config.server.environment.NativeEnvironmentRepository [http-nio-8888-exec-4] Adding property source: Config resource 'file [C:\Users\PRAVEE~1\AppData\Local\Temp\config-repo-2520287933326519470\GATEWAY.yml]' via location 'file:/C:/Users/PRAVEE~1/AppData/Local/Temp/config-repo-2520287933326519470/'
2022-11-25 14:14:41,496 INFO com.netflix.discovery.shared.resolver.aws.ConfigClusterResolver [AsyncResolver-bootstrap-executor-0] Resolving eureka endpoints via configuration
2022-11-25 14:19:41,503 INFO com.netflix.discovery.shared.resolver.aws.ConfigClusterResolver [AsyncResolver-bootstrap-executor-0] Resolving eureka endpoints via configuration
2022-11-25 14:24:41,510 INFO com.netflix.discovery.shared.resolver.aws.ConfigClusterResolver [AsyncResolver-bootstrap-executor-0] Resolving eureka endpoints via configuration
2022-11-25 14:29:41,514 INFO com.netflix.discovery.shared.resolver.aws.ConfigClusterResolver [AsyncResolver-bootstrap-executor-0] Resolving eureka endpoints via configuration
2022-11-25 14:34:41,516 INFO com.netflix.discovery.shared.resolver.aws.ConfigClusterResolver [AsyncResolver-bootstrap-executor-0] Resolving eureka endpoints via configuration
2022-11-25 14:39:41,566 INFO com.netflix.discovery.shared.resolver.aws.ConfigClusterResolver [AsyncResolver-bootstrap-executor-0] Resolving eureka endpoints via configuration
2022-11-25 14:44:41,571 INFO com.netflix.discovery.shared.resolver.aws.ConfigClusterResolver [AsyncResolver-bootstrap-executor-0] Resolving eureka endpoints via configuration
2022-11-25 14:49:41,586 INFO com.netflix.discovery.shared.resolver.aws.ConfigClusterResolver [AsyncResolver-bootstrap-executor-0] Resolving eureka endpoints via configuration
2022-11-25 14:51:07,395 INFO org.springframework.cloud.config.server.environment.NativeEnvironmentRepository [http-nio-8888-exec-7] Adding property source: Config resource 'file [C:\Users\PRAVEE~1\AppData\Local\Temp\config-repo-2520287933326519470\GATEWAY.yml]' via location 'file:/C:/Users/PRAVEE~1/AppData/Local/Temp/config-repo-2520287933326519470/'
2022-11-25 14:52:58,638 INFO org.springframework.cloud.config.server.environment.NativeEnvironmentRepository [http-nio-8888-exec-9] Adding property source: Config resource 'file [C:\Users\PRAVEE~1\AppData\Local\Temp\config-repo-2520287933326519470\GATEWAY.yml]' via location 'file:/C:/Users/PRAVEE~1/AppData/Local/Temp/config-repo-2520287933326519470/'
2022-11-25 14:54:37,140 INFO org.springframework.boot.admin.SpringApplicationAdminMXBeanRegistrar$SpringApplicationAdmin [RMI TCP Connection(701)-127.0.0.1] Application shutdown requested.
2022-11-25 14:54:37,217 INFO org.springframework.cloud.netflix.eureka.serviceregistry.EurekaServiceRegistry [RMI TCP Connection(701)-127.0.0.1] Unregistering application CONFIG-SERVER with eureka with status DOWN
2022-11-25 14:54:37,221 INFO com.netflix.discovery.DiscoveryClient$3 [RMI TCP Connection(701)-127.0.0.1] Saw local status change event StatusChangeEvent [timestamp=1669368277220, current=DOWN, previous=UP]
2022-11-25 14:54:37,227 INFO com.netflix.discovery.DiscoveryClient [DiscoveryClient-InstanceInfoReplicator-0] DiscoveryClient_CONFIG-SERVER/rpkreddy:CONFIG-SERVER:8888: registering service...
2022-11-25 14:54:37,257 INFO com.netflix.discovery.DiscoveryClient [DiscoveryClient-InstanceInfoReplicator-0] DiscoveryClient_CONFIG-SERVER/rpkreddy:CONFIG-SERVER:8888 - registration status: 204
2022-11-25 14:54:37,409 INFO org.apache.juli.logging.DirectJDKLog [RMI TCP Connection(701)-127.0.0.1] Pausing ProtocolHandler ["http-nio-8888"]
2022-11-25 14:54:37,412 INFO org.apache.juli.logging.DirectJDKLog [RMI TCP Connection(701)-127.0.0.1] Stopping service [Tomcat]
2022-11-25 14:54:37,432 INFO org.apache.juli.logging.DirectJDKLog [RMI TCP Connection(701)-127.0.0.1] Destroying Spring FrameworkServlet 'dispatcherServlet'
2022-11-25 14:54:37,569 INFO org.apache.juli.logging.DirectJDKLog [RMI TCP Connection(701)-127.0.0.1] Stopping ProtocolHandler ["http-nio-8888"]
2022-11-25 14:54:37,577 INFO org.apache.juli.logging.DirectJDKLog [RMI TCP Connection(701)-127.0.0.1] Destroying ProtocolHandler ["http-nio-8888"]
2022-11-25 14:54:37,662 WARN org.springframework.cloud.config.server.support.AbstractScmAccessor$1 [Thread-3] Failed to delete temporary directory on exit: java.nio.file.AccessDeniedException: C:\Users\PRAVEE~1\AppData\Local\Temp\config-repo-2520287933326519470\.git\objects\pack\pack-1e84c3b4d43525d38426cc9e503e6ced28578d6d.idx
2022-11-25 14:54:37,684 INFO com.netflix.discovery.DiscoveryClient [RMI TCP Connection(701)-127.0.0.1] Shutting down DiscoveryClient ...
2022-11-25 14:54:40,704 INFO com.netflix.discovery.DiscoveryClient [RMI TCP Connection(701)-127.0.0.1] Unregistering ...
2022-11-25 14:54:40,717 INFO com.netflix.discovery.DiscoveryClient [RMI TCP Connection(701)-127.0.0.1] DiscoveryClient_CONFIG-SERVER/rpkreddy:CONFIG-SERVER:8888 - deregister  status: 200
2022-11-25 14:54:40,737 INFO com.netflix.discovery.DiscoveryClient [RMI TCP Connection(701)-127.0.0.1] Completed shut down of DiscoveryClient
2022-11-25 14:54:45,061 INFO org.hibernate.validator.internal.util.Version [background-preinit] HV000001: Hibernate Validator 6.2.5.Final
2022-11-25 14:54:45,068 INFO org.springframework.boot.StartupInfoLogger [main] Starting ScheduleConfigServiceApplication using Java 17.0.4.1 on rpkreddy with PID 18420 (C:\Users\PraveenKumarReddy\git\ExcelProject\schedule-config-server\target\classes started by PraveenKumarReddy in C:\Users\PraveenKumarReddy\git\ExcelProject\schedule-config-server)
2022-11-25 14:54:45,069 DEBUG org.springframework.boot.StartupInfoLogger [main] Running with Spring Boot v2.6.13, Spring v5.3.23
2022-11-25 14:54:45,070 INFO org.springframework.boot.SpringApplication [main] No active profile set, falling back to 1 default profile: "default"
2022-11-25 14:54:46,680 INFO org.springframework.cloud.context.scope.GenericScope [main] BeanFactory id=91ab22e5-2a8b-308d-8f43-c5eb07fd3df3
2022-11-25 14:54:47,049 INFO org.springframework.boot.web.embedded.tomcat.TomcatWebServer [main] Tomcat initialized with port(s): 8888 (http)
2022-11-25 14:54:47,063 INFO org.apache.juli.logging.DirectJDKLog [main] Initializing ProtocolHandler ["http-nio-8888"]
2022-11-25 14:54:47,063 INFO org.apache.juli.logging.DirectJDKLog [main] Starting service [Tomcat]
2022-11-25 14:54:47,064 INFO org.apache.juli.logging.DirectJDKLog [main] Starting Servlet engine: [Apache Tomcat/9.0.68]
2022-11-25 14:54:47,251 INFO org.apache.juli.logging.DirectJDKLog [main] Initializing Spring embedded WebApplicationContext
2022-11-25 14:54:47,251 INFO org.springframework.boot.web.servlet.context.ServletWebServerApplicationContext [main] Root WebApplicationContext: initialization completed in 2118 ms
2022-11-25 14:54:49,036 INFO org.springframework.cloud.netflix.eureka.config.DiscoveryClientOptionalArgsConfiguration [main] Eureka HTTP Client uses RestTemplate.
2022-11-25 14:54:49,223 WARN org.springframework.cloud.loadbalancer.config.LoadBalancerCacheAutoConfiguration$LoadBalancerCaffeineWarnLogger [main] Spring Cloud LoadBalancer is currently working with the default cache. While this cache implementation is useful for development and tests, it's recommended to use Caffeine cache in production.You can switch to using Caffeine cache, by adding it and org.springframework.cache.caffeine.CaffeineCacheManager to the classpath.
2022-11-25 14:54:49,233 INFO org.springframework.boot.actuate.endpoint.web.EndpointLinksResolver [main] Exposing 16 endpoint(s) beneath base path '/actuator'
2022-11-25 14:54:49,349 INFO org.springframework.cloud.netflix.eureka.InstanceInfoFactory [main] Setting initial instance status as: STARTING
2022-11-25 14:54:49,414 INFO com.netflix.discovery.DiscoveryClient [main] Initializing Eureka in region us-east-1
2022-11-25 14:54:49,427 INFO com.netflix.discovery.shared.resolver.aws.ConfigClusterResolver [main] Resolving eureka endpoints via configuration
2022-11-25 14:54:49,465 INFO com.netflix.discovery.DiscoveryClient [main] Disable delta property : false
2022-11-25 14:54:49,465 INFO com.netflix.discovery.DiscoveryClient [main] Single vip registry refresh property : null
2022-11-25 14:54:49,466 INFO com.netflix.discovery.DiscoveryClient [main] Force full registry fetch : false
2022-11-25 14:54:49,467 INFO com.netflix.discovery.DiscoveryClient [main] Application is null : false
2022-11-25 14:54:49,467 INFO com.netflix.discovery.DiscoveryClient [main] Registered Applications size is zero : true
2022-11-25 14:54:49,467 INFO com.netflix.discovery.DiscoveryClient [main] Application version is -1: true
2022-11-25 14:54:49,468 INFO com.netflix.discovery.DiscoveryClient [main] Getting all instance registry info from the eureka server
2022-11-25 14:54:49,823 INFO com.netflix.discovery.DiscoveryClient [main] The response status is 200
2022-11-25 14:54:49,828 INFO com.netflix.discovery.DiscoveryClient [main] Starting heartbeat executor: renew interval is: 30
2022-11-25 14:54:49,832 INFO com.netflix.discovery.InstanceInfoReplicator [main] InstanceInfoReplicator onDemand update allowed rate per min is 4
2022-11-25 14:54:49,839 INFO com.netflix.discovery.DiscoveryClient [main] Discovery Client initialized at timestamp 1669368289838 with initial instances count: 2
2022-11-25 14:54:49,841 INFO org.springframework.cloud.netflix.eureka.serviceregistry.EurekaServiceRegistry [main] Registering application CONFIG-SERVER with eureka with status UP
2022-11-25 14:54:49,842 INFO com.netflix.discovery.DiscoveryClient$3 [main] Saw local status change event StatusChangeEvent [timestamp=1669368289842, current=UP, previous=STARTING]
2022-11-25 14:54:49,844 INFO com.netflix.discovery.DiscoveryClient [DiscoveryClient-InstanceInfoReplicator-0] DiscoveryClient_CONFIG-SERVER/rpkreddy:CONFIG-SERVER:8888: registering service...
2022-11-25 14:54:49,845 INFO org.apache.juli.logging.DirectJDKLog [main] Starting ProtocolHandler ["http-nio-8888"]
2022-11-25 14:54:49,884 INFO org.springframework.boot.web.embedded.tomcat.TomcatWebServer [main] Tomcat started on port(s): 8888 (http) with context path ''
2022-11-25 14:54:49,885 INFO org.springframework.cloud.netflix.eureka.serviceregistry.EurekaAutoServiceRegistration [main] Updating port to 8888
2022-11-25 14:54:49,902 INFO com.netflix.discovery.DiscoveryClient [DiscoveryClient-InstanceInfoReplicator-0] DiscoveryClient_CONFIG-SERVER/rpkreddy:CONFIG-SERVER:8888 - registration status: 204
2022-11-25 14:54:50,112 INFO org.springframework.boot.StartupInfoLogger [main] Started ScheduleConfigServiceApplication in 6.059 seconds (JVM running for 7.223)
2022-11-25 14:54:50,964 INFO org.apache.juli.logging.DirectJDKLog [RMI TCP Connection(8)-127.0.0.1] Initializing Spring DispatcherServlet 'dispatcherServlet'
2022-11-25 14:54:50,965 INFO org.springframework.web.servlet.FrameworkServlet [RMI TCP Connection(8)-127.0.0.1] Initializing Servlet 'dispatcherServlet'
2022-11-25 14:54:50,968 INFO org.springframework.web.servlet.FrameworkServlet [RMI TCP Connection(8)-127.0.0.1] Completed initialization in 3 ms
2022-11-25 14:57:13,643 INFO org.springframework.cloud.config.server.environment.NativeEnvironmentRepository [http-nio-8888-exec-2] Adding property source: Config resource 'file [C:\Users\PRAVEE~1\AppData\Local\Temp\config-repo-13581116008467285281\SCHEDULE-SERVICE.yml]' via location 'file:/C:/Users/PRAVEE~1/AppData/Local/Temp/config-repo-13581116008467285281/'
2022-11-25 14:57:33,554 INFO org.springframework.cloud.config.server.environment.NativeEnvironmentRepository [http-nio-8888-exec-1] Adding property source: Config resource 'file [C:\Users\PRAVEE~1\AppData\Local\Temp\config-repo-13581116008467285281\SCHEDULE-SERVICE.yml]' via location 'file:/C:/Users/PRAVEE~1/AppData/Local/Temp/config-repo-13581116008467285281/'
2022-11-25 14:58:42,536 INFO org.springframework.cloud.config.server.environment.NativeEnvironmentRepository [http-nio-8888-exec-7] Adding property source: Config resource 'file [C:\Users\PRAVEE~1\AppData\Local\Temp\config-repo-13581116008467285281\SCHEDULE-SERVICE.yml]' via location 'file:/C:/Users/PRAVEE~1/AppData/Local/Temp/config-repo-13581116008467285281/'
2022-11-25 14:59:21,011 INFO org.springframework.cloud.config.server.environment.NativeEnvironmentRepository [http-nio-8888-exec-3] Adding property source: Config resource 'file [C:\Users\PRAVEE~1\AppData\Local\Temp\config-repo-13581116008467285281\EXCEL-SERVICE.yml]' via location 'file:/C:/Users/PRAVEE~1/AppData/Local/Temp/config-repo-13581116008467285281/'
2022-11-25 14:59:35,942 INFO org.springframework.cloud.config.server.environment.NativeEnvironmentRepository [http-nio-8888-exec-8] Adding property source: Config resource 'file [C:\Users\PRAVEE~1\AppData\Local\Temp\config-repo-13581116008467285281\GATEWAY.yml]' via location 'file:/C:/Users/PRAVEE~1/AppData/Local/Temp/config-repo-13581116008467285281/'
2022-11-25 14:59:49,473 INFO com.netflix.discovery.shared.resolver.aws.ConfigClusterResolver [AsyncResolver-bootstrap-executor-0] Resolving eureka endpoints via configuration
2022-11-25 15:04:49,485 INFO com.netflix.discovery.shared.resolver.aws.ConfigClusterResolver [AsyncResolver-bootstrap-executor-0] Resolving eureka endpoints via configuration
2022-11-25 15:07:24,400 INFO org.springframework.cloud.config.server.environment.NativeEnvironmentRepository [http-nio-8888-exec-2] Adding property source: Config resource 'file [C:\Users\PRAVEE~1\AppData\Local\Temp\config-repo-13581116008467285281\GATEWAY.yml]' via location 'file:/C:/Users/PRAVEE~1/AppData/Local/Temp/config-repo-13581116008467285281/'
2022-11-25 15:09:49,494 INFO com.netflix.discovery.shared.resolver.aws.ConfigClusterResolver [AsyncResolver-bootstrap-executor-0] Resolving eureka endpoints via configuration
2022-11-25 15:14:49,499 INFO com.netflix.discovery.shared.resolver.aws.ConfigClusterResolver [AsyncResolver-bootstrap-executor-0] Resolving eureka endpoints via configuration
2022-11-25 15:19:49,507 INFO com.netflix.discovery.shared.resolver.aws.ConfigClusterResolver [AsyncResolver-bootstrap-executor-0] Resolving eureka endpoints via configuration
2022-11-25 15:24:11,518 INFO org.springframework.cloud.config.server.environment.NativeEnvironmentRepository [http-nio-8888-exec-4] Adding property source: Config resource 'file [C:\Users\PRAVEE~1\AppData\Local\Temp\config-repo-13581116008467285281\GATEWAY.yml]' via location 'file:/C:/Users/PRAVEE~1/AppData/Local/Temp/config-repo-13581116008467285281/'
2022-11-25 15:24:49,521 INFO com.netflix.discovery.shared.resolver.aws.ConfigClusterResolver [AsyncResolver-bootstrap-executor-0] Resolving eureka endpoints via configuration
2022-11-25 15:24:58,811 INFO org.springframework.cloud.config.server.environment.NativeEnvironmentRepository [http-nio-8888-exec-7] Adding property source: Config resource 'file [C:\Users\PRAVEE~1\AppData\Local\Temp\config-repo-13581116008467285281\GATEWAY.yml]' via location 'file:/C:/Users/PRAVEE~1/AppData/Local/Temp/config-repo-13581116008467285281/'
2022-11-25 15:27:31,657 INFO org.springframework.cloud.config.server.environment.NativeEnvironmentRepository [http-nio-8888-exec-3] Adding property source: Config resource 'file [C:\Users\PRAVEE~1\AppData\Local\Temp\config-repo-13581116008467285281\GATEWAY.yml]' via location 'file:/C:/Users/PRAVEE~1/AppData/Local/Temp/config-repo-13581116008467285281/'
2022-11-25 15:29:49,527 INFO com.netflix.discovery.shared.resolver.aws.ConfigClusterResolver [AsyncResolver-bootstrap-executor-0] Resolving eureka endpoints via configuration
2022-11-25 15:32:44,113 INFO org.springframework.cloud.config.server.environment.JGitEnvironmentRepository [http-nio-8888-exec-10] Fetched for remote main and found 1 updates
2022-11-25 15:32:44,204 INFO org.springframework.cloud.config.server.environment.NativeEnvironmentRepository [http-nio-8888-exec-10] Adding property source: Config resource 'file [C:\Users\PRAVEE~1\AppData\Local\Temp\config-repo-13581116008467285281\GATEWAY.yml]' via location 'file:/C:/Users/PRAVEE~1/AppData/Local/Temp/config-repo-13581116008467285281/'
2022-11-25 15:34:49,530 INFO com.netflix.discovery.shared.resolver.aws.ConfigClusterResolver [AsyncResolver-bootstrap-executor-0] Resolving eureka endpoints via configuration
2022-11-25 15:35:42,939 INFO org.springframework.cloud.config.server.environment.JGitEnvironmentRepository [http-nio-8888-exec-2] Fetched for remote main and found 1 updates
2022-11-25 15:35:43,006 INFO org.springframework.cloud.config.server.environment.NativeEnvironmentRepository [http-nio-8888-exec-2] Adding property source: Config resource 'file [C:\Users\PRAVEE~1\AppData\Local\Temp\config-repo-13581116008467285281\GATEWAY.yml]' via location 'file:/C:/Users/PRAVEE~1/AppData/Local/Temp/config-repo-13581116008467285281/'
2022-11-25 15:37:37,049 INFO org.springframework.cloud.config.server.environment.JGitEnvironmentRepository [http-nio-8888-exec-4] Fetched for remote main and found 1 updates
2022-11-25 15:37:37,122 INFO org.springframework.cloud.config.server.environment.NativeEnvironmentRepository [http-nio-8888-exec-4] Adding property source: Config resource 'file [C:\Users\PRAVEE~1\AppData\Local\Temp\config-repo-13581116008467285281\GATEWAY.yml]' via location 'file:/C:/Users/PRAVEE~1/AppData/Local/Temp/config-repo-13581116008467285281/'
2022-11-25 15:38:29,617 INFO org.springframework.cloud.config.server.environment.NativeEnvironmentRepository [http-nio-8888-exec-7] Adding property source: Config resource 'file [C:\Users\PRAVEE~1\AppData\Local\Temp\config-repo-13581116008467285281\GATEWAY.yml]' via location 'file:/C:/Users/PRAVEE~1/AppData/Local/Temp/config-repo-13581116008467285281/'
2022-11-25 15:39:49,534 INFO com.netflix.discovery.shared.resolver.aws.ConfigClusterResolver [AsyncResolver-bootstrap-executor-0] Resolving eureka endpoints via configuration
2022-11-25 15:39:56,848 INFO org.springframework.cloud.config.server.environment.NativeEnvironmentRepository [http-nio-8888-exec-3] Adding property source: Config resource 'file [C:\Users\PRAVEE~1\AppData\Local\Temp\config-repo-13581116008467285281\GATEWAY.yml]' via location 'file:/C:/Users/PRAVEE~1/AppData/Local/Temp/config-repo-13581116008467285281/'
2022-11-25 15:44:48,461 INFO org.springframework.cloud.config.server.environment.NativeEnvironmentRepository [http-nio-8888-exec-10] Adding property source: Config resource 'file [C:\Users\PRAVEE~1\AppData\Local\Temp\config-repo-13581116008467285281\EXCEL-SERVICE.yml]' via location 'file:/C:/Users/PRAVEE~1/AppData/Local/Temp/config-repo-13581116008467285281/'
2022-11-25 15:44:49,566 INFO com.netflix.discovery.shared.resolver.aws.ConfigClusterResolver [AsyncResolver-bootstrap-executor-0] Resolving eureka endpoints via configuration
2022-11-25 15:49:49,576 INFO com.netflix.discovery.shared.resolver.aws.ConfigClusterResolver [AsyncResolver-bootstrap-executor-0] Resolving eureka endpoints via configuration
2022-11-25 15:54:49,586 INFO com.netflix.discovery.shared.resolver.aws.ConfigClusterResolver [AsyncResolver-bootstrap-executor-0] Resolving eureka endpoints via configuration
2022-11-25 15:59:49,591 INFO com.netflix.discovery.shared.resolver.aws.ConfigClusterResolver [AsyncResolver-bootstrap-executor-0] Resolving eureka endpoints via configuration
2022-11-25 16:04:49,603 INFO com.netflix.discovery.shared.resolver.aws.ConfigClusterResolver [AsyncResolver-bootstrap-executor-0] Resolving eureka endpoints via configuration
2022-11-25 16:09:49,612 INFO com.netflix.discovery.shared.resolver.aws.ConfigClusterResolver [AsyncResolver-bootstrap-executor-0] Resolving eureka endpoints via configuration
2022-11-25 16:14:49,620 INFO com.netflix.discovery.shared.resolver.aws.ConfigClusterResolver [AsyncResolver-bootstrap-executor-0] Resolving eureka endpoints via configuration
2022-11-25 16:19:49,629 INFO com.netflix.discovery.shared.resolver.aws.ConfigClusterResolver [AsyncResolver-bootstrap-executor-0] Resolving eureka endpoints via configuration
2022-11-25 16:24:49,630 INFO com.netflix.discovery.shared.resolver.aws.ConfigClusterResolver [AsyncResolver-bootstrap-executor-0] Resolving eureka endpoints via configuration
2022-11-25 16:29:49,643 INFO com.netflix.discovery.shared.resolver.aws.ConfigClusterResolver [AsyncResolver-bootstrap-executor-0] Resolving eureka endpoints via configuration
2022-11-25 16:34:49,649 INFO com.netflix.discovery.shared.resolver.aws.ConfigClusterResolver [AsyncResolver-bootstrap-executor-0] Resolving eureka endpoints via configuration
2022-11-25 16:39:49,654 INFO com.netflix.discovery.shared.resolver.aws.ConfigClusterResolver [AsyncResolver-bootstrap-executor-0] Resolving eureka endpoints via configuration
2022-11-25 17:04:47,862 INFO com.netflix.discovery.shared.resolver.aws.ConfigClusterResolver [AsyncResolver-bootstrap-executor-0] Resolving eureka endpoints via configuration
2022-11-25 17:09:47,872 INFO com.netflix.discovery.shared.resolver.aws.ConfigClusterResolver [AsyncResolver-bootstrap-executor-0] Resolving eureka endpoints via configuration
2022-11-25 18:29:18,137 INFO com.netflix.discovery.shared.resolver.aws.ConfigClusterResolver [AsyncResolver-bootstrap-executor-0] Resolving eureka endpoints via configuration
2022-11-25 18:34:18,142 INFO com.netflix.discovery.shared.resolver.aws.ConfigClusterResolver [AsyncResolver-bootstrap-executor-0] Resolving eureka endpoints via configuration
2022-11-25 18:39:18,160 INFO com.netflix.discovery.shared.resolver.aws.ConfigClusterResolver [AsyncResolver-bootstrap-executor-0] Resolving eureka endpoints via configuration
2022-11-25 18:44:18,166 INFO com.netflix.discovery.shared.resolver.aws.ConfigClusterResolver [AsyncResolver-bootstrap-executor-0] Resolving eureka endpoints via configuration
2022-11-25 18:49:18,172 INFO com.netflix.discovery.shared.resolver.aws.ConfigClusterResolver [AsyncResolver-bootstrap-executor-0] Resolving eureka endpoints via configuration
2022-11-25 18:54:18,185 INFO com.netflix.discovery.shared.resolver.aws.ConfigClusterResolver [AsyncResolver-bootstrap-executor-0] Resolving eureka endpoints via configuration
