2022-11-18 10:07:43,220 INFO org.springframework.boot.StartupInfoLogger [main] Starting SpringScheduleJpaApplication using Java 17.0.4.1 on rpkreddy with PID 15808 (C:\Users\PraveenKumarReddy\git\ExcelProject\spring-schedule-jpa\target\classes started by PraveenKumarReddy in C:\Users\PraveenKumarReddy\git\ExcelProject\spring-schedule-jpa)
2022-11-18 10:07:43,225 DEBUG org.springframework.boot.StartupInfoLogger [main] Running with Spring Boot v2.6.13, Spring v5.3.23
2022-11-18 10:07:43,226 INFO org.springframework.boot.SpringApplication [main] No active profile set, falling back to 1 default profile: "default"
2022-11-18 10:07:43,289 INFO org.springframework.boot.logging.DeferredLog [main] Fetching config from server at : http://localhost:8888
2022-11-18 10:07:43,290 INFO org.springframework.boot.logging.DeferredLog [main] Located environment: name=SCHEDULE-SERVICE, profiles=[default], label=null, version=2102e78d7ab8b0f946bb3a6721c6ccd0a85c5365, state=null
2022-11-18 10:07:44,129 INFO org.springframework.data.repository.config.RepositoryConfigurationDelegate [main] Bootstrapping Spring Data JPA repositories in DEFAULT mode.
2022-11-18 10:07:44,322 INFO org.springframework.data.repository.config.RepositoryConfigurationDelegate [main] Finished Spring Data repository scanning in 178 ms. Found 1 JPA repository interfaces.
2022-11-18 10:07:44,614 INFO org.springframework.cloud.context.scope.GenericScope [main] BeanFactory id=8303a9f3-f6c9-313c-8b2c-cca75375967f
2022-11-18 10:07:45,130 INFO org.springframework.boot.web.embedded.tomcat.TomcatWebServer [main] Tomcat initialized with port(s): 8081 (http)
2022-11-18 10:07:45,143 INFO org.apache.juli.logging.DirectJDKLog [main] Initializing ProtocolHandler ["http-nio-8081"]
2022-11-18 10:07:45,144 INFO org.apache.juli.logging.DirectJDKLog [main] Starting service [Tomcat]
2022-11-18 10:07:45,144 INFO org.apache.juli.logging.DirectJDKLog [main] Starting Servlet engine: [Apache Tomcat/9.0.68]
2022-11-18 10:07:45,374 INFO org.apache.juli.logging.DirectJDKLog [main] Initializing Spring embedded WebApplicationContext
2022-11-18 10:07:45,374 INFO org.springframework.boot.web.servlet.context.ServletWebServerApplicationContext [main] Root WebApplicationContext: initialization completed in 2081 ms
2022-11-18 10:07:45,595 INFO org.hibernate.jpa.internal.util.LogHelper [main] HHH000204: Processing PersistenceUnitInfo [name: default]
2022-11-18 10:07:45,665 INFO org.hibernate.Version [main] HHH000412: Hibernate ORM core version 5.6.12.Final
2022-11-18 10:07:45,878 INFO org.hibernate.annotations.common.reflection.java.JavaReflectionManager [main] HCANN000001: Hibernate Commons Annotations {5.1.2.Final}
2022-11-18 10:07:46,016 INFO com.zaxxer.hikari.HikariDataSource [main] HikariPool-1 - Starting...
2022-11-18 10:07:46,515 INFO com.zaxxer.hikari.HikariDataSource [main] HikariPool-1 - Start completed.
2022-11-18 10:07:46,541 INFO org.hibernate.dialect.Dialect [main] HHH000400: Using dialect: org.hibernate.dialect.MySQL5Dialect
2022-11-18 10:07:47,580 INFO org.hibernate.engine.transaction.jta.platform.internal.JtaPlatformInitiator [main] HHH000490: Using JtaPlatform implementation: [org.hibernate.engine.transaction.jta.platform.internal.NoJtaPlatform]
2022-11-18 10:07:47,596 INFO org.springframework.orm.jpa.AbstractEntityManagerFactoryBean [main] Initialized JPA EntityManagerFactory for persistence unit 'default'
2022-11-18 10:07:48,043 WARN org.springframework.boot.autoconfigure.orm.jpa.JpaBaseConfiguration$JpaWebConfiguration [main] spring.jpa.open-in-view is enabled by default. Therefore, database queries may be performed during view rendering. Explicitly configure spring.jpa.open-in-view to disable this warning
2022-11-18 10:07:48,688 INFO org.springframework.cloud.netflix.eureka.config.DiscoveryClientOptionalArgsConfiguration [main] Eureka HTTP Client uses RestTemplate.
2022-11-18 10:07:49,005 WARN org.springframework.cloud.loadbalancer.config.LoadBalancerCacheAutoConfiguration$LoadBalancerCaffeineWarnLogger [main] Spring Cloud LoadBalancer is currently working with the default cache. While this cache implementation is useful for development and tests, it's recommended to use Caffeine cache in production.You can switch to using Caffeine cache, by adding it and org.springframework.cache.caffeine.CaffeineCacheManager to the classpath.
2022-11-18 10:07:49,079 INFO org.springframework.cloud.netflix.eureka.InstanceInfoFactory [main] Setting initial instance status as: STARTING
2022-11-18 10:07:49,127 INFO com.netflix.discovery.DiscoveryClient [main] Initializing Eureka in region us-east-1
2022-11-18 10:07:49,134 INFO com.netflix.discovery.shared.resolver.aws.ConfigClusterResolver [main] Resolving eureka endpoints via configuration
2022-11-18 10:07:49,174 INFO com.netflix.discovery.DiscoveryClient [main] Disable delta property : false
2022-11-18 10:07:49,174 INFO com.netflix.discovery.DiscoveryClient [main] Single vip registry refresh property : null
2022-11-18 10:07:49,174 INFO com.netflix.discovery.DiscoveryClient [main] Force full registry fetch : false
2022-11-18 10:07:49,174 INFO com.netflix.discovery.DiscoveryClient [main] Application is null : false
2022-11-18 10:07:49,175 INFO com.netflix.discovery.DiscoveryClient [main] Registered Applications size is zero : true
2022-11-18 10:07:49,175 INFO com.netflix.discovery.DiscoveryClient [main] Application version is -1: true
2022-11-18 10:07:49,175 INFO com.netflix.discovery.DiscoveryClient [main] Getting all instance registry info from the eureka server
2022-11-18 10:07:49,434 INFO com.netflix.discovery.DiscoveryClient [main] The response status is 200
2022-11-18 10:07:49,437 INFO com.netflix.discovery.DiscoveryClient [main] Starting heartbeat executor: renew interval is: 30
2022-11-18 10:07:49,442 INFO com.netflix.discovery.InstanceInfoReplicator [main] InstanceInfoReplicator onDemand update allowed rate per min is 4
2022-11-18 10:07:49,451 INFO com.netflix.discovery.DiscoveryClient [main] Discovery Client initialized at timestamp 1668746269450 with initial instances count: 0
2022-11-18 10:07:49,453 INFO org.springframework.cloud.netflix.eureka.serviceregistry.EurekaServiceRegistry [main] Registering application SCHEDULE-SERVICE with eureka with status UP
2022-11-18 10:07:49,455 INFO com.netflix.discovery.DiscoveryClient$3 [main] Saw local status change event StatusChangeEvent [timestamp=1668746269455, current=UP, previous=STARTING]
2022-11-18 10:07:49,457 INFO com.netflix.discovery.DiscoveryClient [DiscoveryClient-InstanceInfoReplicator-0] DiscoveryClient_SCHEDULE-SERVICE/rpkreddy:SCHEDULE-SERVICE:8081: registering service...
2022-11-18 10:07:49,458 INFO org.apache.juli.logging.DirectJDKLog [main] Starting ProtocolHandler ["http-nio-8081"]
2022-11-18 10:07:49,497 INFO org.springframework.boot.web.embedded.tomcat.TomcatWebServer [main] Tomcat started on port(s): 8081 (http) with context path ''
2022-11-18 10:07:49,499 INFO org.springframework.cloud.netflix.eureka.serviceregistry.EurekaAutoServiceRegistration [main] Updating port to 8081
2022-11-18 10:07:49,524 INFO com.netflix.discovery.DiscoveryClient [DiscoveryClient-InstanceInfoReplicator-0] DiscoveryClient_SCHEDULE-SERVICE/rpkreddy:SCHEDULE-SERVICE:8081 - registration status: 204
2022-11-18 10:07:49,712 INFO org.springframework.boot.StartupInfoLogger [main] Started SpringScheduleJpaApplication in 12.286 seconds (JVM running for 13.703)
2022-11-18 10:08:19,439 INFO com.netflix.discovery.DiscoveryClient [DiscoveryClient-CacheRefreshExecutor-0] Disable delta property : false
2022-11-18 10:08:19,441 INFO com.netflix.discovery.DiscoveryClient [DiscoveryClient-CacheRefreshExecutor-0] Single vip registry refresh property : null
2022-11-18 10:08:19,442 INFO com.netflix.discovery.DiscoveryClient [DiscoveryClient-CacheRefreshExecutor-0] Force full registry fetch : false
2022-11-18 10:08:19,443 INFO com.netflix.discovery.DiscoveryClient [DiscoveryClient-CacheRefreshExecutor-0] Application is null : false
2022-11-18 10:08:19,444 INFO com.netflix.discovery.DiscoveryClient [DiscoveryClient-CacheRefreshExecutor-0] Registered Applications size is zero : true
2022-11-18 10:08:19,444 INFO com.netflix.discovery.DiscoveryClient [DiscoveryClient-CacheRefreshExecutor-0] Application version is -1: false
2022-11-18 10:08:19,445 INFO com.netflix.discovery.DiscoveryClient [DiscoveryClient-CacheRefreshExecutor-0] Getting all instance registry info from the eureka server
2022-11-18 10:08:19,476 INFO com.netflix.discovery.DiscoveryClient [DiscoveryClient-CacheRefreshExecutor-0] The response status is 200
2022-11-18 10:09:00,284 INFO org.apache.juli.logging.DirectJDKLog [http-nio-8081-exec-1] Initializing Spring DispatcherServlet 'dispatcherServlet'
2022-11-18 10:09:00,285 INFO org.springframework.web.servlet.FrameworkServlet [http-nio-8081-exec-1] Initializing Servlet 'dispatcherServlet'
2022-11-18 10:09:00,287 INFO org.springframework.web.servlet.FrameworkServlet [http-nio-8081-exec-1] Completed initialization in 2 ms
2022-11-18 10:09:00,361 INFO com.schedule.controllers.ScheduleController [http-nio-8081-exec-1] showing the schedule by Day
2022-11-18 10:10:00,010 INFO com.schedule.controllers.ScheduleController [http-nio-8081-exec-2] showing the schedule by Day
2022-11-18 10:11:00,009 INFO com.schedule.controllers.ScheduleController [http-nio-8081-exec-3] showing the schedule by Day
2022-11-18 10:12:00,012 INFO com.schedule.controllers.ScheduleController [http-nio-8081-exec-4] showing the schedule by Day
2022-11-18 10:12:49,181 INFO com.netflix.discovery.shared.resolver.aws.ConfigClusterResolver [AsyncResolver-bootstrap-executor-0] Resolving eureka endpoints via configuration
2022-11-18 10:13:00,011 INFO com.schedule.controllers.ScheduleController [http-nio-8081-exec-7] showing the schedule by Day
2022-11-18 10:14:00,008 INFO com.schedule.controllers.ScheduleController [http-nio-8081-exec-8] showing the schedule by Day
2022-11-18 10:15:00,014 INFO com.schedule.controllers.ScheduleController [http-nio-8081-exec-10] showing the schedule by Day
2022-11-18 10:16:00,011 INFO com.schedule.controllers.ScheduleController [http-nio-8081-exec-5] showing the schedule by Day
2022-11-18 10:17:00,011 INFO com.schedule.controllers.ScheduleController [http-nio-8081-exec-6] showing the schedule by Day
2022-11-18 10:17:49,193 INFO com.netflix.discovery.shared.resolver.aws.ConfigClusterResolver [AsyncResolver-bootstrap-executor-0] Resolving eureka endpoints via configuration
2022-11-18 10:18:00,012 INFO com.schedule.controllers.ScheduleController [http-nio-8081-exec-9] showing the schedule by Day
2022-11-18 10:19:00,015 INFO com.schedule.controllers.ScheduleController [http-nio-8081-exec-1] showing the schedule by Day
2022-11-18 10:20:00,011 INFO com.schedule.controllers.ScheduleController [http-nio-8081-exec-2] showing the schedule by Day
2022-11-18 10:21:00,014 INFO com.schedule.controllers.ScheduleController [http-nio-8081-exec-3] showing the schedule by Day
2022-11-18 10:22:00,005 INFO com.schedule.controllers.ScheduleController [http-nio-8081-exec-4] showing the schedule by Day
2022-11-18 10:22:45,955 INFO com.schedule.controllers.ScheduleController [http-nio-8081-exec-7] showing the schedule by Day
2022-11-18 10:22:49,199 INFO com.netflix.discovery.shared.resolver.aws.ConfigClusterResolver [AsyncResolver-bootstrap-executor-0] Resolving eureka endpoints via configuration
2022-11-18 10:23:00,020 INFO com.schedule.controllers.ScheduleController [http-nio-8081-exec-8] showing the schedule by Day
2022-11-18 10:24:00,015 INFO com.schedule.controllers.ScheduleController [http-nio-8081-exec-10] showing the schedule by Day
2022-11-18 10:25:00,006 INFO com.schedule.controllers.ScheduleController [http-nio-8081-exec-5] showing the schedule by Day
2022-11-18 10:26:00,034 INFO com.schedule.controllers.ScheduleController [http-nio-8081-exec-6] showing the schedule by Day
2022-11-18 10:27:49,203 INFO com.netflix.discovery.shared.resolver.aws.ConfigClusterResolver [AsyncResolver-bootstrap-executor-0] Resolving eureka endpoints via configuration
2022-11-18 10:28:00,171 INFO com.schedule.controllers.ScheduleController [http-nio-8081-exec-1] showing the schedule by Day
2022-11-18 10:28:07,434 INFO com.schedule.controllers.ScheduleController [http-nio-8081-exec-2] showing the schedule by Day
2022-11-18 10:29:00,003 INFO com.schedule.controllers.ScheduleController [http-nio-8081-exec-3] showing the schedule by Day
2022-11-18 10:30:00,279 INFO com.schedule.controllers.ScheduleController [http-nio-8081-exec-7] showing the schedule by Day
2022-11-18 10:31:00,012 INFO com.schedule.controllers.ScheduleController [http-nio-8081-exec-8] showing the schedule by Day
2022-11-18 10:32:00,018 INFO com.schedule.controllers.ScheduleController [http-nio-8081-exec-10] showing the schedule by Day
2022-11-18 10:32:49,215 INFO com.netflix.discovery.shared.resolver.aws.ConfigClusterResolver [AsyncResolver-bootstrap-executor-0] Resolving eureka endpoints via configuration
2022-11-18 10:33:00,015 INFO com.schedule.controllers.ScheduleController [http-nio-8081-exec-5] showing the schedule by Day
2022-11-18 10:34:00,009 INFO com.schedule.controllers.ScheduleController [http-nio-8081-exec-6] showing the schedule by Day
2022-11-18 10:35:00,012 INFO com.schedule.controllers.ScheduleController [http-nio-8081-exec-9] showing the schedule by Day
2022-11-18 10:36:00,009 INFO com.schedule.controllers.ScheduleController [http-nio-8081-exec-1] showing the schedule by Day
2022-11-18 10:37:00,005 INFO com.schedule.controllers.ScheduleController [http-nio-8081-exec-2] showing the schedule by Day
2022-11-18 10:37:49,222 INFO com.netflix.discovery.shared.resolver.aws.ConfigClusterResolver [AsyncResolver-bootstrap-executor-0] Resolving eureka endpoints via configuration
2022-11-18 10:38:00,013 INFO com.schedule.controllers.ScheduleController [http-nio-8081-exec-3] showing the schedule by Day
2022-11-18 10:39:00,050 INFO com.schedule.controllers.ScheduleController [http-nio-8081-exec-7] showing the schedule by Day
2022-11-18 10:40:00,020 INFO com.schedule.controllers.ScheduleController [http-nio-8081-exec-8] showing the schedule by Day
2022-11-18 10:41:00,012 INFO com.schedule.controllers.ScheduleController [http-nio-8081-exec-10] showing the schedule by Day
2022-11-18 10:42:00,004 INFO com.schedule.controllers.ScheduleController [http-nio-8081-exec-5] showing the schedule by Day
2022-11-18 10:42:49,238 INFO com.netflix.discovery.shared.resolver.aws.ConfigClusterResolver [AsyncResolver-bootstrap-executor-0] Resolving eureka endpoints via configuration
2022-11-18 10:43:00,005 INFO com.schedule.controllers.ScheduleController [http-nio-8081-exec-6] showing the schedule by Day
2022-11-18 10:44:00,016 INFO com.schedule.controllers.ScheduleController [http-nio-8081-exec-9] showing the schedule by Day
2022-11-18 10:45:00,018 INFO com.schedule.controllers.ScheduleController [http-nio-8081-exec-1] showing the schedule by Day
2022-11-18 10:46:00,005 INFO com.schedule.controllers.ScheduleController [http-nio-8081-exec-2] showing the schedule by Day
2022-11-18 10:47:00,009 INFO com.schedule.controllers.ScheduleController [http-nio-8081-exec-3] showing the schedule by Day
2022-11-18 10:47:49,251 INFO com.netflix.discovery.shared.resolver.aws.ConfigClusterResolver [AsyncResolver-bootstrap-executor-0] Resolving eureka endpoints via configuration
2022-11-18 10:48:00,009 INFO com.schedule.controllers.ScheduleController [http-nio-8081-exec-4] showing the schedule by Day
2022-11-18 10:49:00,005 INFO com.schedule.controllers.ScheduleController [http-nio-8081-exec-7] showing the schedule by Day
2022-11-18 10:50:00,005 INFO com.schedule.controllers.ScheduleController [http-nio-8081-exec-8] showing the schedule by Day
2022-11-18 10:51:00,007 INFO com.schedule.controllers.ScheduleController [http-nio-8081-exec-10] showing the schedule by Day
2022-11-18 10:52:00,013 INFO com.schedule.controllers.ScheduleController [http-nio-8081-exec-5] showing the schedule by Day
2022-11-18 10:52:49,270 INFO com.netflix.discovery.shared.resolver.aws.ConfigClusterResolver [AsyncResolver-bootstrap-executor-0] Resolving eureka endpoints via configuration
2022-11-18 10:53:00,009 INFO com.schedule.controllers.ScheduleController [http-nio-8081-exec-6] showing the schedule by Day
2022-11-18 10:54:00,007 INFO com.schedule.controllers.ScheduleController [http-nio-8081-exec-9] showing the schedule by Day
2022-11-18 10:55:00,008 INFO com.schedule.controllers.ScheduleController [http-nio-8081-exec-1] showing the schedule by Day
2022-11-18 10:56:00,005 INFO com.schedule.controllers.ScheduleController [http-nio-8081-exec-2] showing the schedule by Day
2022-11-18 10:57:00,009 INFO com.schedule.controllers.ScheduleController [http-nio-8081-exec-3] showing the schedule by Day
2022-11-18 10:57:49,280 INFO com.netflix.discovery.shared.resolver.aws.ConfigClusterResolver [AsyncResolver-bootstrap-executor-0] Resolving eureka endpoints via configuration
2022-11-18 10:58:00,009 INFO com.schedule.controllers.ScheduleController [http-nio-8081-exec-4] showing the schedule by Day
2022-11-18 10:59:00,004 INFO com.schedule.controllers.ScheduleController [http-nio-8081-exec-7] showing the schedule by Day
2022-11-18 11:07:16,588 WARN com.zaxxer.hikari.pool.HikariPool$HouseKeeper [HikariPool-1 housekeeper] HikariPool-1 - Thread starvation or clock leap detected (housekeeper delta=7m59s111ms128µs800ns).
2022-11-18 11:07:29,247 INFO com.schedule.controllers.ScheduleController [http-nio-8081-exec-10] showing the schedule by Day
2022-11-18 11:08:00,285 INFO com.schedule.controllers.ScheduleController [http-nio-8081-exec-5] showing the schedule by Day
2022-11-18 11:09:00,015 INFO com.schedule.controllers.ScheduleController [http-nio-8081-exec-6] showing the schedule by Day
2022-11-18 11:10:00,042 INFO com.schedule.controllers.ScheduleController [http-nio-8081-exec-9] showing the schedule by Day
2022-11-18 11:10:18,276 INFO com.netflix.discovery.shared.resolver.aws.ConfigClusterResolver [AsyncResolver-bootstrap-executor-0] Resolving eureka endpoints via configuration
2022-11-18 11:11:00,005 INFO com.schedule.controllers.ScheduleController [http-nio-8081-exec-1] showing the schedule by Day
2022-11-18 11:12:00,011 INFO com.schedule.controllers.ScheduleController [http-nio-8081-exec-2] showing the schedule by Day
2022-11-18 11:13:00,004 INFO com.schedule.controllers.ScheduleController [http-nio-8081-exec-3] showing the schedule by Day
2022-11-18 11:14:00,010 INFO com.schedule.controllers.ScheduleController [http-nio-8081-exec-4] showing the schedule by Day
2022-11-18 11:15:00,012 INFO com.schedule.controllers.ScheduleController [http-nio-8081-exec-7] showing the schedule by Day
2022-11-18 11:15:18,293 INFO com.netflix.discovery.shared.resolver.aws.ConfigClusterResolver [AsyncResolver-bootstrap-executor-0] Resolving eureka endpoints via configuration
2022-11-18 11:16:00,004 INFO com.schedule.controllers.ScheduleController [http-nio-8081-exec-8] showing the schedule by Day
2022-11-18 11:17:00,005 INFO com.schedule.controllers.ScheduleController [http-nio-8081-exec-10] showing the schedule by Day
2022-11-18 11:18:00,006 INFO com.schedule.controllers.ScheduleController [http-nio-8081-exec-5] showing the schedule by Day
2022-11-18 11:19:00,020 INFO com.schedule.controllers.ScheduleController [http-nio-8081-exec-6] showing the schedule by Day
2022-11-18 11:19:58,622 INFO org.springframework.boot.StartupInfoLogger [main] Starting SpringScheduleJpaApplicationTests using Java 17.0.4.1 on rpkreddy with PID 9472 (started by PraveenKumarReddy in C:\Users\PraveenKumarReddy\git\ExcelProject\spring-schedule-jpa)
2022-11-18 11:19:58,626 DEBUG org.springframework.boot.StartupInfoLogger [main] Running with Spring Boot v2.6.13, Spring v5.3.23
2022-11-18 11:19:58,630 INFO org.springframework.boot.SpringApplication [main] No active profile set, falling back to 1 default profile: "default"
2022-11-18 11:19:58,745 INFO org.springframework.boot.logging.DeferredLog [main] Fetching config from server at : http://localhost:8888
2022-11-18 11:19:58,746 INFO org.springframework.boot.logging.DeferredLog [main] Located environment: name=SCHEDULE-SERVICE, profiles=[default], label=null, version=2102e78d7ab8b0f946bb3a6721c6ccd0a85c5365, state=null
2022-11-18 11:20:00,019 INFO com.schedule.controllers.ScheduleController [http-nio-8081-exec-9] showing the schedule by Day
2022-11-18 11:20:00,330 INFO org.springframework.data.repository.config.RepositoryConfigurationDelegate [main] Bootstrapping Spring Data JPA repositories in DEFAULT mode.
2022-11-18 11:20:00,691 INFO org.springframework.data.repository.config.RepositoryConfigurationDelegate [main] Finished Spring Data repository scanning in 344 ms. Found 1 JPA repository interfaces.
2022-11-18 11:20:01,440 INFO org.springframework.cloud.context.scope.GenericScope [main] BeanFactory id=1e706515-92c8-33cf-85b4-d42eec6a48c4
2022-11-18 11:20:03,759 INFO org.hibernate.jpa.internal.util.LogHelper [main] HHH000204: Processing PersistenceUnitInfo [name: default]
2022-11-18 11:20:03,971 INFO org.hibernate.Version [main] HHH000412: Hibernate ORM core version 5.6.12.Final
2022-11-18 11:20:04,073 INFO org.hibernate.annotations.common.reflection.java.JavaReflectionManager [main] HCANN000001: Hibernate Commons Annotations {5.1.2.Final}
2022-11-18 11:20:04,349 INFO com.zaxxer.hikari.HikariDataSource [main] HikariPool-1 - Starting...
2022-11-18 11:20:05,027 INFO com.zaxxer.hikari.HikariDataSource [main] HikariPool-1 - Start completed.
2022-11-18 11:20:05,064 INFO org.hibernate.dialect.Dialect [main] HHH000400: Using dialect: org.hibernate.dialect.MySQL5Dialect
2022-11-18 11:20:06,262 INFO org.hibernate.engine.transaction.jta.platform.internal.JtaPlatformInitiator [main] HHH000490: Using JtaPlatform implementation: [org.hibernate.engine.transaction.jta.platform.internal.NoJtaPlatform]
2022-11-18 11:20:06,281 INFO org.springframework.orm.jpa.AbstractEntityManagerFactoryBean [main] Initialized JPA EntityManagerFactory for persistence unit 'default'
2022-11-18 11:20:06,973 WARN org.springframework.boot.autoconfigure.orm.jpa.JpaBaseConfiguration$JpaWebConfiguration [main] spring.jpa.open-in-view is enabled by default. Therefore, database queries may be performed during view rendering. Explicitly configure spring.jpa.open-in-view to disable this warning
2022-11-18 11:20:08,802 INFO org.springframework.cloud.netflix.eureka.config.DiscoveryClientOptionalArgsConfiguration [main] Eureka HTTP Client uses RestTemplate.
2022-11-18 11:20:09,389 WARN org.springframework.cloud.loadbalancer.config.LoadBalancerCacheAutoConfiguration$LoadBalancerCaffeineWarnLogger [main] Spring Cloud LoadBalancer is currently working with the default cache. While this cache implementation is useful for development and tests, it's recommended to use Caffeine cache in production.You can switch to using Caffeine cache, by adding it and org.springframework.cache.caffeine.CaffeineCacheManager to the classpath.
2022-11-18 11:20:09,449 INFO org.springframework.cloud.netflix.eureka.InstanceInfoFactory [main] Setting initial instance status as: STARTING
2022-11-18 11:20:09,653 INFO com.netflix.discovery.DiscoveryClient [main] Initializing Eureka in region us-east-1
2022-11-18 11:20:09,666 INFO com.netflix.discovery.shared.resolver.aws.ConfigClusterResolver [main] Resolving eureka endpoints via configuration
2022-11-18 11:20:09,732 INFO com.netflix.discovery.DiscoveryClient [main] Disable delta property : false
2022-11-18 11:20:09,732 INFO com.netflix.discovery.DiscoveryClient [main] Single vip registry refresh property : null
2022-11-18 11:20:09,733 INFO com.netflix.discovery.DiscoveryClient [main] Force full registry fetch : false
2022-11-18 11:20:09,735 INFO com.netflix.discovery.DiscoveryClient [main] Application is null : false
2022-11-18 11:20:09,735 INFO com.netflix.discovery.DiscoveryClient [main] Registered Applications size is zero : true
2022-11-18 11:20:09,737 INFO com.netflix.discovery.DiscoveryClient [main] Application version is -1: true
2022-11-18 11:20:09,739 INFO com.netflix.discovery.DiscoveryClient [main] Getting all instance registry info from the eureka server
2022-11-18 11:20:10,372 INFO com.netflix.discovery.DiscoveryClient [main] The response status is 200
2022-11-18 11:20:10,410 INFO com.netflix.discovery.DiscoveryClient [main] Starting heartbeat executor: renew interval is: 30
2022-11-18 11:20:10,416 INFO com.netflix.discovery.InstanceInfoReplicator [main] InstanceInfoReplicator onDemand update allowed rate per min is 4
2022-11-18 11:20:10,427 INFO com.netflix.discovery.DiscoveryClient [main] Discovery Client initialized at timestamp 1668750610426 with initial instances count: 4
2022-11-18 11:20:10,440 INFO org.springframework.cloud.netflix.eureka.serviceregistry.EurekaServiceRegistry [main] Registering application SCHEDULE-SERVICE with eureka with status UP
2022-11-18 11:20:10,441 INFO com.netflix.discovery.DiscoveryClient$3 [main] Saw local status change event StatusChangeEvent [timestamp=1668750610441, current=UP, previous=STARTING]
2022-11-18 11:20:10,504 INFO org.springframework.boot.StartupInfoLogger [main] Started SpringScheduleJpaApplicationTests in 14.793 seconds (JVM running for 16.881)
2022-11-18 11:20:10,524 INFO com.netflix.discovery.DiscoveryClient [DiscoveryClient-InstanceInfoReplicator-0] DiscoveryClient_SCHEDULE-SERVICE/rpkreddy:SCHEDULE-SERVICE:8081: registering service...
2022-11-18 11:20:10,635 INFO com.netflix.discovery.DiscoveryClient [DiscoveryClient-InstanceInfoReplicator-0] DiscoveryClient_SCHEDULE-SERVICE/rpkreddy:SCHEDULE-SERVICE:8081 - registration status: 204
2022-11-18 11:20:11,020 INFO org.springframework.cloud.netflix.eureka.serviceregistry.EurekaServiceRegistry [SpringApplicationShutdownHook] Unregistering application SCHEDULE-SERVICE with eureka with status DOWN
2022-11-18 11:20:11,021 INFO com.netflix.discovery.DiscoveryClient$3 [SpringApplicationShutdownHook] Saw local status change event StatusChangeEvent [timestamp=1668750611021, current=DOWN, previous=UP]
2022-11-18 11:20:11,022 INFO com.netflix.discovery.DiscoveryClient [DiscoveryClient-InstanceInfoReplicator-0] DiscoveryClient_SCHEDULE-SERVICE/rpkreddy:SCHEDULE-SERVICE:8081: registering service...
2022-11-18 11:20:11,027 INFO org.springframework.orm.jpa.AbstractEntityManagerFactoryBean [SpringApplicationShutdownHook] Closing JPA EntityManagerFactory for persistence unit 'default'
2022-11-18 11:20:11,029 INFO com.netflix.discovery.DiscoveryClient [DiscoveryClient-InstanceInfoReplicator-0] DiscoveryClient_SCHEDULE-SERVICE/rpkreddy:SCHEDULE-SERVICE:8081 - registration status: 204
2022-11-18 11:20:11,030 INFO com.zaxxer.hikari.HikariDataSource [SpringApplicationShutdownHook] HikariPool-1 - Shutdown initiated...
2022-11-18 11:20:11,048 INFO com.zaxxer.hikari.HikariDataSource [SpringApplicationShutdownHook] HikariPool-1 - Shutdown completed.
2022-11-18 11:20:11,048 INFO com.netflix.discovery.DiscoveryClient [SpringApplicationShutdownHook] Shutting down DiscoveryClient ...
2022-11-18 11:20:14,059 INFO com.netflix.discovery.DiscoveryClient [SpringApplicationShutdownHook] Unregistering ...
2022-11-18 11:20:14,094 INFO com.netflix.discovery.DiscoveryClient [SpringApplicationShutdownHook] DiscoveryClient_SCHEDULE-SERVICE/rpkreddy:SCHEDULE-SERVICE:8081 - deregister  status: 200
2022-11-18 11:20:14,129 INFO com.netflix.discovery.DiscoveryClient [SpringApplicationShutdownHook] Completed shut down of DiscoveryClient
2022-11-18 11:20:18,309 INFO com.netflix.discovery.shared.resolver.aws.ConfigClusterResolver [AsyncResolver-bootstrap-executor-0] Resolving eureka endpoints via configuration
2022-11-18 11:20:20,787 INFO com.netflix.discovery.DiscoveryClient [DiscoveryClient-HeartbeatExecutor-0] DiscoveryClient_SCHEDULE-SERVICE/rpkreddy:SCHEDULE-SERVICE:8081 - Re-registering apps/SCHEDULE-SERVICE
2022-11-18 11:20:20,788 INFO com.netflix.discovery.DiscoveryClient [DiscoveryClient-HeartbeatExecutor-0] DiscoveryClient_SCHEDULE-SERVICE/rpkreddy:SCHEDULE-SERVICE:8081: registering service...
2022-11-18 11:20:20,804 INFO com.netflix.discovery.DiscoveryClient [DiscoveryClient-HeartbeatExecutor-0] DiscoveryClient_SCHEDULE-SERVICE/rpkreddy:SCHEDULE-SERVICE:8081 - registration status: 204
2022-11-18 11:21:00,009 INFO com.schedule.controllers.ScheduleController [http-nio-8081-exec-1] showing the schedule by Day
2022-11-18 11:22:00,005 INFO com.schedule.controllers.ScheduleController [http-nio-8081-exec-2] showing the schedule by Day
2022-11-18 11:22:33,558 INFO org.springframework.boot.StartupInfoLogger [main] Starting SpringScheduleJpaApplicationTests using Java 17.0.4.1 on rpkreddy with PID 12232 (started by PraveenKumarReddy in C:\Users\PraveenKumarReddy\git\ExcelProject\spring-schedule-jpa)
2022-11-18 11:22:33,564 DEBUG org.springframework.boot.StartupInfoLogger [main] Running with Spring Boot v2.6.13, Spring v5.3.23
2022-11-18 11:22:33,565 INFO org.springframework.boot.SpringApplication [main] No active profile set, falling back to 1 default profile: "default"
2022-11-18 11:22:33,647 INFO org.springframework.boot.logging.DeferredLog [main] Fetching config from server at : http://localhost:8888
2022-11-18 11:22:33,648 INFO org.springframework.boot.logging.DeferredLog [main] Located environment: name=SCHEDULE-SERVICE, profiles=[default], label=null, version=2102e78d7ab8b0f946bb3a6721c6ccd0a85c5365, state=null
2022-11-18 11:22:35,135 INFO org.springframework.data.repository.config.RepositoryConfigurationDelegate [main] Bootstrapping Spring Data JPA repositories in DEFAULT mode.
2022-11-18 11:22:35,588 INFO org.springframework.data.repository.config.RepositoryConfigurationDelegate [main] Finished Spring Data repository scanning in 431 ms. Found 1 JPA repository interfaces.
2022-11-18 11:22:36,396 INFO org.springframework.cloud.context.scope.GenericScope [main] BeanFactory id=1e706515-92c8-33cf-85b4-d42eec6a48c4
2022-11-18 11:22:38,735 INFO org.hibernate.jpa.internal.util.LogHelper [main] HHH000204: Processing PersistenceUnitInfo [name: default]
2022-11-18 11:22:38,899 INFO org.hibernate.Version [main] HHH000412: Hibernate ORM core version 5.6.12.Final
2022-11-18 11:22:38,992 INFO org.hibernate.annotations.common.reflection.java.JavaReflectionManager [main] HCANN000001: Hibernate Commons Annotations {5.1.2.Final}
2022-11-18 11:22:39,335 INFO com.zaxxer.hikari.HikariDataSource [main] HikariPool-1 - Starting...
2022-11-18 11:22:40,181 INFO com.zaxxer.hikari.HikariDataSource [main] HikariPool-1 - Start completed.
2022-11-18 11:22:40,260 INFO org.hibernate.dialect.Dialect [main] HHH000400: Using dialect: org.hibernate.dialect.MySQL5Dialect
2022-11-18 11:22:42,171 INFO org.hibernate.engine.transaction.jta.platform.internal.JtaPlatformInitiator [main] HHH000490: Using JtaPlatform implementation: [org.hibernate.engine.transaction.jta.platform.internal.NoJtaPlatform]
2022-11-18 11:22:42,192 INFO org.springframework.orm.jpa.AbstractEntityManagerFactoryBean [main] Initialized JPA EntityManagerFactory for persistence unit 'default'
2022-11-18 11:22:42,767 WARN org.springframework.boot.autoconfigure.orm.jpa.JpaBaseConfiguration$JpaWebConfiguration [main] spring.jpa.open-in-view is enabled by default. Therefore, database queries may be performed during view rendering. Explicitly configure spring.jpa.open-in-view to disable this warning
2022-11-18 11:22:45,579 INFO org.springframework.cloud.netflix.eureka.config.DiscoveryClientOptionalArgsConfiguration [main] Eureka HTTP Client uses RestTemplate.
2022-11-18 11:22:46,473 WARN org.springframework.cloud.loadbalancer.config.LoadBalancerCacheAutoConfiguration$LoadBalancerCaffeineWarnLogger [main] Spring Cloud LoadBalancer is currently working with the default cache. While this cache implementation is useful for development and tests, it's recommended to use Caffeine cache in production.You can switch to using Caffeine cache, by adding it and org.springframework.cache.caffeine.CaffeineCacheManager to the classpath.
2022-11-18 11:22:46,554 INFO org.springframework.cloud.netflix.eureka.InstanceInfoFactory [main] Setting initial instance status as: STARTING
2022-11-18 11:22:46,815 INFO com.netflix.discovery.DiscoveryClient [main] Initializing Eureka in region us-east-1
2022-11-18 11:22:46,828 INFO com.netflix.discovery.shared.resolver.aws.ConfigClusterResolver [main] Resolving eureka endpoints via configuration
2022-11-18 11:22:46,920 INFO com.netflix.discovery.DiscoveryClient [main] Disable delta property : false
2022-11-18 11:22:46,921 INFO com.netflix.discovery.DiscoveryClient [main] Single vip registry refresh property : null
2022-11-18 11:22:46,922 INFO com.netflix.discovery.DiscoveryClient [main] Force full registry fetch : false
2022-11-18 11:22:46,923 INFO com.netflix.discovery.DiscoveryClient [main] Application is null : false
2022-11-18 11:22:46,923 INFO com.netflix.discovery.DiscoveryClient [main] Registered Applications size is zero : true
2022-11-18 11:22:46,925 INFO com.netflix.discovery.DiscoveryClient [main] Application version is -1: true
2022-11-18 11:22:46,929 INFO com.netflix.discovery.DiscoveryClient [main] Getting all instance registry info from the eureka server
2022-11-18 11:22:47,554 INFO com.netflix.discovery.DiscoveryClient [main] The response status is 200
2022-11-18 11:22:47,562 INFO com.netflix.discovery.DiscoveryClient [main] Starting heartbeat executor: renew interval is: 30
2022-11-18 11:22:47,570 INFO com.netflix.discovery.InstanceInfoReplicator [main] InstanceInfoReplicator onDemand update allowed rate per min is 4
2022-11-18 11:22:47,590 INFO com.netflix.discovery.DiscoveryClient [main] Discovery Client initialized at timestamp 1668750767588 with initial instances count: 4
2022-11-18 11:22:47,601 INFO org.springframework.cloud.netflix.eureka.serviceregistry.EurekaServiceRegistry [main] Registering application SCHEDULE-SERVICE with eureka with status UP
2022-11-18 11:22:47,602 INFO com.netflix.discovery.DiscoveryClient$3 [main] Saw local status change event StatusChangeEvent [timestamp=1668750767602, current=UP, previous=STARTING]
2022-11-18 11:22:47,613 INFO com.netflix.discovery.DiscoveryClient [DiscoveryClient-InstanceInfoReplicator-0] DiscoveryClient_SCHEDULE-SERVICE/rpkreddy:SCHEDULE-SERVICE:8081: registering service...
2022-11-18 11:22:47,645 INFO org.springframework.boot.StartupInfoLogger [main] Started SpringScheduleJpaApplicationTests in 16.963 seconds (JVM running for 19.276)
2022-11-18 11:22:47,731 INFO com.netflix.discovery.DiscoveryClient [DiscoveryClient-InstanceInfoReplicator-0] DiscoveryClient_SCHEDULE-SERVICE/rpkreddy:SCHEDULE-SERVICE:8081 - registration status: 204
2022-11-18 11:22:48,106 INFO org.springframework.cloud.netflix.eureka.serviceregistry.EurekaServiceRegistry [SpringApplicationShutdownHook] Unregistering application SCHEDULE-SERVICE with eureka with status DOWN
2022-11-18 11:22:48,107 INFO com.netflix.discovery.DiscoveryClient$3 [SpringApplicationShutdownHook] Saw local status change event StatusChangeEvent [timestamp=1668750768107, current=DOWN, previous=UP]
2022-11-18 11:22:48,109 INFO com.netflix.discovery.DiscoveryClient [DiscoveryClient-InstanceInfoReplicator-0] DiscoveryClient_SCHEDULE-SERVICE/rpkreddy:SCHEDULE-SERVICE:8081: registering service...
2022-11-18 11:22:48,116 INFO com.netflix.discovery.DiscoveryClient [DiscoveryClient-InstanceInfoReplicator-0] DiscoveryClient_SCHEDULE-SERVICE/rpkreddy:SCHEDULE-SERVICE:8081 - registration status: 204
2022-11-18 11:22:48,119 INFO org.springframework.orm.jpa.AbstractEntityManagerFactoryBean [SpringApplicationShutdownHook] Closing JPA EntityManagerFactory for persistence unit 'default'
2022-11-18 11:22:48,123 INFO com.zaxxer.hikari.HikariDataSource [SpringApplicationShutdownHook] HikariPool-1 - Shutdown initiated...
2022-11-18 11:22:48,162 INFO com.zaxxer.hikari.HikariDataSource [SpringApplicationShutdownHook] HikariPool-1 - Shutdown completed.
2022-11-18 11:22:48,162 INFO com.netflix.discovery.DiscoveryClient [SpringApplicationShutdownHook] Shutting down DiscoveryClient ...
2022-11-18 11:22:51,178 INFO com.netflix.discovery.DiscoveryClient [SpringApplicationShutdownHook] Unregistering ...
2022-11-18 11:22:51,185 INFO com.netflix.discovery.DiscoveryClient [SpringApplicationShutdownHook] DiscoveryClient_SCHEDULE-SERVICE/rpkreddy:SCHEDULE-SERVICE:8081 - deregister  status: 200
2022-11-18 11:22:51,195 INFO com.netflix.discovery.DiscoveryClient [SpringApplicationShutdownHook] Completed shut down of DiscoveryClient
2022-11-18 11:23:00,007 INFO com.schedule.controllers.ScheduleController [http-nio-8081-exec-3] showing the schedule by Day
2022-11-18 11:23:20,899 INFO com.netflix.discovery.DiscoveryClient [DiscoveryClient-HeartbeatExecutor-0] DiscoveryClient_SCHEDULE-SERVICE/rpkreddy:SCHEDULE-SERVICE:8081 - Re-registering apps/SCHEDULE-SERVICE
2022-11-18 11:23:20,901 INFO com.netflix.discovery.DiscoveryClient [DiscoveryClient-HeartbeatExecutor-0] DiscoveryClient_SCHEDULE-SERVICE/rpkreddy:SCHEDULE-SERVICE:8081: registering service...
2022-11-18 11:23:20,917 INFO com.netflix.discovery.DiscoveryClient [DiscoveryClient-HeartbeatExecutor-0] DiscoveryClient_SCHEDULE-SERVICE/rpkreddy:SCHEDULE-SERVICE:8081 - registration status: 204
2022-11-18 11:24:00,011 INFO com.schedule.controllers.ScheduleController [http-nio-8081-exec-4] showing the schedule by Day
2022-11-18 11:25:00,008 INFO com.schedule.controllers.ScheduleController [http-nio-8081-exec-7] showing the schedule by Day
2022-11-18 11:25:18,319 INFO com.netflix.discovery.shared.resolver.aws.ConfigClusterResolver [AsyncResolver-bootstrap-executor-0] Resolving eureka endpoints via configuration
2022-11-18 11:26:00,009 INFO com.schedule.controllers.ScheduleController [http-nio-8081-exec-8] showing the schedule by Day
2022-11-18 11:27:00,004 INFO com.schedule.controllers.ScheduleController [http-nio-8081-exec-10] showing the schedule by Day
2022-11-18 11:28:00,006 INFO com.schedule.controllers.ScheduleController [http-nio-8081-exec-5] showing the schedule by Day
2022-11-18 11:29:00,015 INFO com.schedule.controllers.ScheduleController [http-nio-8081-exec-6] showing the schedule by Day
2022-11-18 11:30:00,096 INFO com.schedule.controllers.ScheduleController [http-nio-8081-exec-1] showing the schedule by Day
2022-11-18 11:30:18,330 INFO com.netflix.discovery.shared.resolver.aws.ConfigClusterResolver [AsyncResolver-bootstrap-executor-0] Resolving eureka endpoints via configuration
2022-11-18 11:31:00,009 INFO com.schedule.controllers.ScheduleController [http-nio-8081-exec-2] showing the schedule by Day
2022-11-18 11:32:00,024 INFO com.schedule.controllers.ScheduleController [http-nio-8081-exec-3] showing the schedule by Day
2022-11-18 11:33:00,006 INFO com.schedule.controllers.ScheduleController [http-nio-8081-exec-4] showing the schedule by Day
2022-11-18 11:34:00,018 INFO com.schedule.controllers.ScheduleController [http-nio-8081-exec-7] showing the schedule by Day
2022-11-18 11:35:00,002 INFO com.schedule.controllers.ScheduleController [http-nio-8081-exec-8] showing the schedule by Day
2022-11-18 11:35:18,346 INFO com.netflix.discovery.shared.resolver.aws.ConfigClusterResolver [AsyncResolver-bootstrap-executor-0] Resolving eureka endpoints via configuration
2022-11-18 11:36:00,006 INFO com.schedule.controllers.ScheduleController [http-nio-8081-exec-10] showing the schedule by Day
2022-11-18 11:37:00,015 INFO com.schedule.controllers.ScheduleController [http-nio-8081-exec-5] showing the schedule by Day
2022-11-18 11:38:00,006 INFO com.schedule.controllers.ScheduleController [http-nio-8081-exec-6] showing the schedule by Day
2022-11-18 11:39:00,005 INFO com.schedule.controllers.ScheduleController [http-nio-8081-exec-9] showing the schedule by Day
2022-11-18 11:40:00,012 INFO com.schedule.controllers.ScheduleController [http-nio-8081-exec-1] showing the schedule by Day
2022-11-18 11:40:18,355 INFO com.netflix.discovery.shared.resolver.aws.ConfigClusterResolver [AsyncResolver-bootstrap-executor-0] Resolving eureka endpoints via configuration
2022-11-18 11:41:00,007 INFO com.schedule.controllers.ScheduleController [http-nio-8081-exec-2] showing the schedule by Day
2022-11-18 11:42:00,006 INFO com.schedule.controllers.ScheduleController [http-nio-8081-exec-3] showing the schedule by Day
2022-11-18 11:43:00,007 INFO com.schedule.controllers.ScheduleController [http-nio-8081-exec-4] showing the schedule by Day
2022-11-18 11:44:00,025 INFO com.schedule.controllers.ScheduleController [http-nio-8081-exec-7] showing the schedule by Day
2022-11-18 11:45:00,004 INFO com.schedule.controllers.ScheduleController [http-nio-8081-exec-8] showing the schedule by Day
2022-11-18 11:45:18,362 INFO com.netflix.discovery.shared.resolver.aws.ConfigClusterResolver [AsyncResolver-bootstrap-executor-0] Resolving eureka endpoints via configuration
2022-11-18 11:46:00,036 INFO com.schedule.controllers.ScheduleController [http-nio-8081-exec-5] showing the schedule by Day
2022-11-18 11:47:00,007 INFO com.schedule.controllers.ScheduleController [http-nio-8081-exec-6] showing the schedule by Day
2022-11-18 11:48:00,006 INFO com.schedule.controllers.ScheduleController [http-nio-8081-exec-9] showing the schedule by Day
2022-11-18 11:49:00,008 INFO com.schedule.controllers.ScheduleController [http-nio-8081-exec-1] showing the schedule by Day
2022-11-18 11:50:00,005 INFO com.schedule.controllers.ScheduleController [http-nio-8081-exec-2] showing the schedule by Day
2022-11-18 11:50:18,367 INFO com.netflix.discovery.shared.resolver.aws.ConfigClusterResolver [AsyncResolver-bootstrap-executor-0] Resolving eureka endpoints via configuration
2022-11-18 11:51:00,012 INFO com.schedule.controllers.ScheduleController [http-nio-8081-exec-3] showing the schedule by Day
2022-11-18 11:52:00,013 INFO com.schedule.controllers.ScheduleController [http-nio-8081-exec-4] showing the schedule by Day
2022-11-18 11:53:00,004 INFO com.schedule.controllers.ScheduleController [http-nio-8081-exec-7] showing the schedule by Day
2022-11-18 11:54:00,008 INFO com.schedule.controllers.ScheduleController [http-nio-8081-exec-8] showing the schedule by Day
2022-11-18 11:55:00,002 INFO com.schedule.controllers.ScheduleController [http-nio-8081-exec-10] showing the schedule by Day
2022-11-18 11:55:18,370 INFO com.netflix.discovery.shared.resolver.aws.ConfigClusterResolver [AsyncResolver-bootstrap-executor-0] Resolving eureka endpoints via configuration
2022-11-18 11:56:00,008 INFO com.schedule.controllers.ScheduleController [http-nio-8081-exec-5] showing the schedule by Day
2022-11-18 11:57:00,011 INFO com.schedule.controllers.ScheduleController [http-nio-8081-exec-6] showing the schedule by Day
2022-11-18 11:58:00,003 INFO com.schedule.controllers.ScheduleController [http-nio-8081-exec-9] showing the schedule by Day
2022-11-18 11:59:00,008 INFO com.schedule.controllers.ScheduleController [http-nio-8081-exec-1] showing the schedule by Day
2022-11-18 12:00:00,006 INFO com.schedule.controllers.ScheduleController [http-nio-8081-exec-2] showing the schedule by Day
2022-11-18 12:00:18,372 INFO com.netflix.discovery.shared.resolver.aws.ConfigClusterResolver [AsyncResolver-bootstrap-executor-0] Resolving eureka endpoints via configuration
2022-11-18 12:01:00,012 INFO com.schedule.controllers.ScheduleController [http-nio-8081-exec-3] showing the schedule by Day
2022-11-18 12:02:00,008 INFO com.schedule.controllers.ScheduleController [http-nio-8081-exec-4] showing the schedule by Day
2022-11-18 12:03:00,022 INFO com.schedule.controllers.ScheduleController [http-nio-8081-exec-7] showing the schedule by Day
2022-11-18 12:04:00,007 INFO com.schedule.controllers.ScheduleController [http-nio-8081-exec-8] showing the schedule by Day
2022-11-18 12:05:00,010 INFO com.schedule.controllers.ScheduleController [http-nio-8081-exec-10] showing the schedule by Day
2022-11-18 12:05:18,493 INFO com.netflix.discovery.shared.resolver.aws.ConfigClusterResolver [AsyncResolver-bootstrap-executor-0] Resolving eureka endpoints via configuration
2022-11-18 12:06:00,004 INFO com.schedule.controllers.ScheduleController [http-nio-8081-exec-5] showing the schedule by Day
2022-11-18 12:07:00,229 INFO com.schedule.controllers.ScheduleController [http-nio-8081-exec-9] showing the schedule by Day
2022-11-18 12:08:00,024 INFO com.schedule.controllers.ScheduleController [http-nio-8081-exec-1] showing the schedule by Day
2022-11-18 12:09:00,009 INFO com.schedule.controllers.ScheduleController [http-nio-8081-exec-2] showing the schedule by Day
2022-11-18 12:10:00,014 INFO com.schedule.controllers.ScheduleController [http-nio-8081-exec-3] showing the schedule by Day
2022-11-18 12:10:18,657 INFO com.netflix.discovery.shared.resolver.aws.ConfigClusterResolver [AsyncResolver-bootstrap-executor-0] Resolving eureka endpoints via configuration
2022-11-18 12:11:00,005 INFO com.schedule.controllers.ScheduleController [http-nio-8081-exec-4] showing the schedule by Day
2022-11-18 12:12:00,006 INFO com.schedule.controllers.ScheduleController [http-nio-8081-exec-7] showing the schedule by Day
2022-11-18 12:13:00,013 INFO com.schedule.controllers.ScheduleController [http-nio-8081-exec-8] showing the schedule by Day
2022-11-18 12:14:00,006 INFO com.schedule.controllers.ScheduleController [http-nio-8081-exec-10] showing the schedule by Day
2022-11-18 12:15:00,005 INFO com.schedule.controllers.ScheduleController [http-nio-8081-exec-5] showing the schedule by Day
2022-11-18 12:15:18,658 INFO com.netflix.discovery.shared.resolver.aws.ConfigClusterResolver [AsyncResolver-bootstrap-executor-0] Resolving eureka endpoints via configuration
2022-11-18 12:16:00,004 INFO com.schedule.controllers.ScheduleController [http-nio-8081-exec-6] showing the schedule by Day
2022-11-18 12:17:00,003 INFO com.schedule.controllers.ScheduleController [http-nio-8081-exec-9] showing the schedule by Day
2022-11-18 12:18:00,003 INFO com.schedule.controllers.ScheduleController [http-nio-8081-exec-1] showing the schedule by Day
2022-11-18 12:19:00,004 INFO com.schedule.controllers.ScheduleController [http-nio-8081-exec-2] showing the schedule by Day
2022-11-18 12:20:00,004 INFO com.schedule.controllers.ScheduleController [http-nio-8081-exec-3] showing the schedule by Day
2022-11-18 12:20:18,672 INFO com.netflix.discovery.shared.resolver.aws.ConfigClusterResolver [AsyncResolver-bootstrap-executor-0] Resolving eureka endpoints via configuration
2022-11-18 12:21:00,003 INFO com.schedule.controllers.ScheduleController [http-nio-8081-exec-4] showing the schedule by Day
2022-11-18 12:22:00,008 INFO com.schedule.controllers.ScheduleController [http-nio-8081-exec-7] showing the schedule by Day
2022-11-18 12:23:00,011 INFO com.schedule.controllers.ScheduleController [http-nio-8081-exec-8] showing the schedule by Day
2022-11-18 12:24:00,010 INFO com.schedule.controllers.ScheduleController [http-nio-8081-exec-10] showing the schedule by Day
2022-11-18 12:25:00,003 INFO com.schedule.controllers.ScheduleController [http-nio-8081-exec-5] showing the schedule by Day
2022-11-18 12:25:18,687 INFO com.netflix.discovery.shared.resolver.aws.ConfigClusterResolver [AsyncResolver-bootstrap-executor-0] Resolving eureka endpoints via configuration
2022-11-18 12:26:00,007 INFO com.schedule.controllers.ScheduleController [http-nio-8081-exec-6] showing the schedule by Day
2022-11-18 12:27:00,007 INFO com.schedule.controllers.ScheduleController [http-nio-8081-exec-9] showing the schedule by Day
2022-11-18 12:28:00,014 INFO com.schedule.controllers.ScheduleController [http-nio-8081-exec-1] showing the schedule by Day
2022-11-18 12:29:00,023 INFO com.schedule.controllers.ScheduleController [http-nio-8081-exec-2] showing the schedule by Day
2022-11-18 12:30:00,009 INFO com.schedule.controllers.ScheduleController [http-nio-8081-exec-3] showing the schedule by Day
2022-11-18 12:30:18,689 INFO com.netflix.discovery.shared.resolver.aws.ConfigClusterResolver [AsyncResolver-bootstrap-executor-0] Resolving eureka endpoints via configuration
2022-11-18 12:31:00,006 INFO com.schedule.controllers.ScheduleController [http-nio-8081-exec-4] showing the schedule by Day
2022-11-18 12:32:00,018 INFO com.schedule.controllers.ScheduleController [http-nio-8081-exec-7] showing the schedule by Day
2022-11-18 12:33:00,007 INFO com.schedule.controllers.ScheduleController [http-nio-8081-exec-8] showing the schedule by Day
2022-11-18 12:34:00,011 INFO com.schedule.controllers.ScheduleController [http-nio-8081-exec-10] showing the schedule by Day
2022-11-18 12:35:00,005 INFO com.schedule.controllers.ScheduleController [http-nio-8081-exec-5] showing the schedule by Day
2022-11-18 12:35:18,691 INFO com.netflix.discovery.shared.resolver.aws.ConfigClusterResolver [AsyncResolver-bootstrap-executor-0] Resolving eureka endpoints via configuration
2022-11-18 12:36:00,003 INFO com.schedule.controllers.ScheduleController [http-nio-8081-exec-6] showing the schedule by Day
2022-11-18 12:37:00,004 INFO com.schedule.controllers.ScheduleController [http-nio-8081-exec-9] showing the schedule by Day
2022-11-18 12:38:00,008 INFO com.schedule.controllers.ScheduleController [http-nio-8081-exec-1] showing the schedule by Day
2022-11-18 12:39:00,005 INFO com.schedule.controllers.ScheduleController [http-nio-8081-exec-2] showing the schedule by Day
2022-11-18 12:40:00,003 INFO com.schedule.controllers.ScheduleController [http-nio-8081-exec-3] showing the schedule by Day
2022-11-18 12:40:18,703 INFO com.netflix.discovery.shared.resolver.aws.ConfigClusterResolver [AsyncResolver-bootstrap-executor-0] Resolving eureka endpoints via configuration
2022-11-18 12:41:00,006 INFO com.schedule.controllers.ScheduleController [http-nio-8081-exec-4] showing the schedule by Day
2022-11-18 12:42:00,006 INFO com.schedule.controllers.ScheduleController [http-nio-8081-exec-7] showing the schedule by Day
2022-11-18 12:43:00,004 INFO com.schedule.controllers.ScheduleController [http-nio-8081-exec-8] showing the schedule by Day
2022-11-18 12:44:00,028 INFO com.schedule.controllers.ScheduleController [http-nio-8081-exec-5] showing the schedule by Day
2022-11-18 12:45:00,042 INFO com.schedule.controllers.ScheduleController [http-nio-8081-exec-6] showing the schedule by Day
2022-11-18 12:45:18,705 INFO com.netflix.discovery.shared.resolver.aws.ConfigClusterResolver [AsyncResolver-bootstrap-executor-0] Resolving eureka endpoints via configuration
2022-11-18 12:46:00,002 INFO com.schedule.controllers.ScheduleController [http-nio-8081-exec-9] showing the schedule by Day
2022-11-18 12:47:00,003 INFO com.schedule.controllers.ScheduleController [http-nio-8081-exec-1] showing the schedule by Day
2022-11-18 12:48:00,003 INFO com.schedule.controllers.ScheduleController [http-nio-8081-exec-2] showing the schedule by Day
2022-11-18 12:49:00,006 INFO com.schedule.controllers.ScheduleController [http-nio-8081-exec-3] showing the schedule by Day
2022-11-18 12:50:00,003 INFO com.schedule.controllers.ScheduleController [http-nio-8081-exec-4] showing the schedule by Day
2022-11-18 12:50:18,708 INFO com.netflix.discovery.shared.resolver.aws.ConfigClusterResolver [AsyncResolver-bootstrap-executor-0] Resolving eureka endpoints via configuration
2022-11-18 12:51:00,005 INFO com.schedule.controllers.ScheduleController [http-nio-8081-exec-7] showing the schedule by Day
2022-11-18 12:52:00,004 INFO com.schedule.controllers.ScheduleController [http-nio-8081-exec-8] showing the schedule by Day
