2022-11-18 10:06:54,269 INFO org.springframework.boot.StartupInfoLogger [main] Starting ScheduleEurekaRegistryApplication using Java 17.0.4.1 on rpkreddy with PID 6792 (C:\Users\PraveenKumarReddy\git\ExcelProject\schedule-eureka-registry\target\classes started by PraveenKumarReddy in C:\Users\PraveenKumarReddy\git\ExcelProject\schedule-eureka-registry)
2022-11-18 10:06:54,275 DEBUG org.springframework.boot.StartupInfoLogger [main] Running with Spring Boot v2.7.5, Spring v5.3.23
2022-11-18 10:06:54,277 INFO org.springframework.boot.SpringApplication [main] No active profile set, falling back to 1 default profile: "default"
2022-11-18 10:06:55,698 INFO org.springframework.cloud.context.scope.GenericScope [main] BeanFactory id=17c2ce31-e200-3cf7-a361-2650b89369a2
2022-11-18 10:06:56,100 INFO org.springframework.boot.web.embedded.tomcat.TomcatWebServer [main] Tomcat initialized with port(s): 8761 (http)
2022-11-18 10:06:56,119 INFO org.apache.juli.logging.DirectJDKLog [main] Initializing ProtocolHandler ["http-nio-8761"]
2022-11-18 10:06:56,120 INFO org.apache.juli.logging.DirectJDKLog [main] Starting service [Tomcat]
2022-11-18 10:06:56,120 INFO org.apache.juli.logging.DirectJDKLog [main] Starting Servlet engine: [Apache Tomcat/9.0.68]
2022-11-18 10:06:56,386 INFO org.apache.juli.logging.DirectJDKLog [main] Initializing Spring embedded WebApplicationContext
2022-11-18 10:06:56,386 INFO org.springframework.boot.web.servlet.context.ServletWebServerApplicationContext [main] Root WebApplicationContext: initialization completed in 2029 ms
2022-11-18 10:06:57,034 INFO com.sun.jersey.server.impl.application.WebApplicationImpl [main] Initiating Jersey application, version 'Jersey: 1.19.4 05/24/2017 03:20 PM'
2022-11-18 10:06:57,113 INFO com.netflix.discovery.provider.DiscoveryJerseyProvider [main] Using JSON encoding codec LegacyJacksonJson
2022-11-18 10:06:57,116 INFO com.netflix.discovery.provider.DiscoveryJerseyProvider [main] Using JSON decoding codec LegacyJacksonJson
2022-11-18 10:06:57,350 INFO com.netflix.discovery.provider.DiscoveryJerseyProvider [main] Using XML encoding codec XStreamXml
2022-11-18 10:06:57,350 INFO com.netflix.discovery.provider.DiscoveryJerseyProvider [main] Using XML decoding codec XStreamXml
2022-11-18 10:06:59,153 INFO org.springframework.cloud.netflix.eureka.config.DiscoveryClientOptionalArgsConfiguration [main] Eureka HTTP Client uses Jersey
2022-11-18 10:06:59,236 WARN org.springframework.cloud.loadbalancer.config.LoadBalancerCacheAutoConfiguration$LoadBalancerCaffeineWarnLogger [main] Spring Cloud LoadBalancer is currently working with the default cache. While this cache implementation is useful for development and tests, it's recommended to use Caffeine cache in production.You can switch to using Caffeine cache, by adding it and org.springframework.cache.caffeine.CaffeineCacheManager to the classpath.
2022-11-18 10:06:59,258 INFO org.springframework.cloud.netflix.eureka.InstanceInfoFactory [main] Setting initial instance status as: STARTING
2022-11-18 10:06:59,297 INFO com.netflix.discovery.DiscoveryClient [main] Initializing Eureka in region us-east-1
2022-11-18 10:06:59,298 INFO com.netflix.discovery.DiscoveryClient [main] Client configured to neither register nor query for data.
2022-11-18 10:06:59,315 INFO com.netflix.discovery.DiscoveryClient [main] Discovery Client initialized at timestamp 1668746219313 with initial instances count: 0
2022-11-18 10:06:59,363 INFO com.netflix.eureka.DefaultEurekaServerContext [main] Initializing ...
2022-11-18 10:06:59,366 WARN com.netflix.eureka.cluster.PeerEurekaNodes [main] The replica size seems to be empty. Check the route 53 DNS Registry
2022-11-18 10:06:59,390 INFO com.netflix.eureka.registry.AbstractInstanceRegistry [main] Finished initializing remote region registries. All known remote regions: []
2022-11-18 10:06:59,393 INFO com.netflix.eureka.DefaultEurekaServerContext [main] Initialized
2022-11-18 10:06:59,403 INFO org.springframework.boot.actuate.endpoint.web.EndpointLinksResolver [main] Exposing 1 endpoint(s) beneath base path '/actuator'
2022-11-18 10:06:59,481 INFO org.springframework.cloud.netflix.eureka.serviceregistry.EurekaServiceRegistry [main] Registering application UNKNOWN with eureka with status UP
2022-11-18 10:06:59,485 INFO org.apache.juli.logging.DirectJDKLog [main] Starting ProtocolHandler ["http-nio-8761"]
2022-11-18 10:06:59,499 INFO org.springframework.cloud.netflix.eureka.server.EurekaServerBootstrap [Thread-9] isAws returned false
2022-11-18 10:06:59,500 INFO org.springframework.cloud.netflix.eureka.server.EurekaServerBootstrap [Thread-9] Initialized server context
2022-11-18 10:06:59,501 INFO com.netflix.eureka.registry.PeerAwareInstanceRegistryImpl [Thread-9] Got 1 instances from neighboring DS node
2022-11-18 10:06:59,501 INFO com.netflix.eureka.registry.PeerAwareInstanceRegistryImpl [Thread-9] Renew threshold is: 1
2022-11-18 10:06:59,501 INFO com.netflix.eureka.registry.PeerAwareInstanceRegistryImpl [Thread-9] Changing status to UP
2022-11-18 10:06:59,521 INFO org.springframework.cloud.netflix.eureka.server.EurekaServerInitializerConfiguration [Thread-9] Started Eureka Server
2022-11-18 10:06:59,528 INFO org.springframework.boot.web.embedded.tomcat.TomcatWebServer [main] Tomcat started on port(s): 8761 (http) with context path ''
2022-11-18 10:06:59,529 INFO org.springframework.cloud.netflix.eureka.serviceregistry.EurekaAutoServiceRegistration [main] Updating port to 8761
2022-11-18 10:06:59,738 INFO org.springframework.boot.StartupInfoLogger [main] Started ScheduleEurekaRegistryApplication in 6.508 seconds (JVM running for 7.701)
2022-11-18 10:07:00,927 INFO org.apache.juli.logging.DirectJDKLog [RMI TCP Connection(8)-127.0.0.1] Initializing Spring DispatcherServlet 'dispatcherServlet'
2022-11-18 10:07:00,928 INFO org.springframework.web.servlet.FrameworkServlet [RMI TCP Connection(8)-127.0.0.1] Initializing Servlet 'dispatcherServlet'
2022-11-18 10:07:00,929 INFO org.springframework.web.servlet.FrameworkServlet [RMI TCP Connection(8)-127.0.0.1] Completed initialization in 1 ms
2022-11-18 10:07:31,962 INFO com.netflix.eureka.registry.AbstractInstanceRegistry [http-nio-8761-exec-2] Registered instance CONFIG-SERVER/rpkreddy:CONFIG-SERVER:8888 with status UP (replication=false)
2022-11-18 10:07:49,522 INFO com.netflix.eureka.registry.AbstractInstanceRegistry [http-nio-8761-exec-4] Registered instance SCHEDULE-SERVICE/rpkreddy:SCHEDULE-SERVICE:8081 with status UP (replication=false)
2022-11-18 10:07:59,503 INFO com.netflix.eureka.registry.AbstractInstanceRegistry$EvictionTask [Eureka-EvictionTimer] Running the evict task with compensationTime 0ms
2022-11-18 10:08:02,713 INFO com.netflix.eureka.registry.AbstractInstanceRegistry [http-nio-8761-exec-8] Registered instance EXCEL-SERVICE/rpkreddy:EXCEL-SERVICE:8082 with status UP (replication=false)
2022-11-18 10:08:16,529 INFO com.netflix.eureka.registry.AbstractInstanceRegistry [http-nio-8761-exec-9] Registered instance GATEWAY/rpkreddy:GATEWAY:9000 with status UP (replication=false)
2022-11-18 10:08:59,504 INFO com.netflix.eureka.registry.AbstractInstanceRegistry$EvictionTask [Eureka-EvictionTimer] Running the evict task with compensationTime 0ms
2022-11-18 10:09:59,504 INFO com.netflix.eureka.registry.AbstractInstanceRegistry$EvictionTask [Eureka-EvictionTimer] Running the evict task with compensationTime 0ms
2022-11-18 10:10:59,504 INFO com.netflix.eureka.registry.AbstractInstanceRegistry$EvictionTask [Eureka-EvictionTimer] Running the evict task with compensationTime 0ms
2022-11-18 10:11:59,505 INFO com.netflix.eureka.registry.AbstractInstanceRegistry$EvictionTask [Eureka-EvictionTimer] Running the evict task with compensationTime 0ms
2022-11-18 10:12:59,505 INFO com.netflix.eureka.registry.AbstractInstanceRegistry$EvictionTask [Eureka-EvictionTimer] Running the evict task with compensationTime 1ms
2022-11-18 10:13:59,505 INFO com.netflix.eureka.registry.AbstractInstanceRegistry$EvictionTask [Eureka-EvictionTimer] Running the evict task with compensationTime 0ms
2022-11-18 10:14:59,506 INFO com.netflix.eureka.registry.AbstractInstanceRegistry$EvictionTask [Eureka-EvictionTimer] Running the evict task with compensationTime 0ms
2022-11-18 10:15:59,506 INFO com.netflix.eureka.registry.AbstractInstanceRegistry$EvictionTask [Eureka-EvictionTimer] Running the evict task with compensationTime 0ms
2022-11-18 10:16:59,369 WARN com.netflix.eureka.cluster.PeerEurekaNodes [Eureka-PeerNodesUpdater] The replica size seems to be empty. Check the route 53 DNS Registry
2022-11-18 10:16:59,507 INFO com.netflix.eureka.registry.AbstractInstanceRegistry$EvictionTask [Eureka-EvictionTimer] Running the evict task with compensationTime 0ms
2022-11-18 10:17:59,507 INFO com.netflix.eureka.registry.AbstractInstanceRegistry$EvictionTask [Eureka-EvictionTimer] Running the evict task with compensationTime 0ms
2022-11-18 10:18:59,507 INFO com.netflix.eureka.registry.AbstractInstanceRegistry$EvictionTask [Eureka-EvictionTimer] Running the evict task with compensationTime 0ms
2022-11-18 10:19:59,508 INFO com.netflix.eureka.registry.AbstractInstanceRegistry$EvictionTask [Eureka-EvictionTimer] Running the evict task with compensationTime 0ms
2022-11-18 10:20:59,508 INFO com.netflix.eureka.registry.AbstractInstanceRegistry$EvictionTask [Eureka-EvictionTimer] Running the evict task with compensationTime 0ms
2022-11-18 10:21:59,390 INFO com.netflix.eureka.registry.PeerAwareInstanceRegistryImpl [ReplicaAwareInstanceRegistry - RenewalThresholdUpdater] Current renewal threshold is : 0
2022-11-18 10:21:59,509 INFO com.netflix.eureka.registry.AbstractInstanceRegistry$EvictionTask [Eureka-EvictionTimer] Running the evict task with compensationTime 0ms
2022-11-18 10:22:59,510 INFO com.netflix.eureka.registry.AbstractInstanceRegistry$EvictionTask [Eureka-EvictionTimer] Running the evict task with compensationTime 1ms
2022-11-18 10:23:59,511 INFO com.netflix.eureka.registry.AbstractInstanceRegistry$EvictionTask [Eureka-EvictionTimer] Running the evict task with compensationTime 0ms
2022-11-18 10:24:59,511 INFO com.netflix.eureka.registry.AbstractInstanceRegistry$EvictionTask [Eureka-EvictionTimer] Running the evict task with compensationTime 0ms
2022-11-18 10:25:59,541 INFO com.netflix.eureka.registry.AbstractInstanceRegistry$EvictionTask [Eureka-EvictionTimer] Running the evict task with compensationTime 29ms
2022-11-18 10:26:55,364 INFO com.netflix.eureka.registry.AbstractInstanceRegistry [http-nio-8761-exec-3] Registered instance EXCEL-SERVICE/rpkreddy:EXCEL-SERVICE:8082 with status DOWN (replication=false)
2022-11-18 10:26:58,433 INFO com.netflix.eureka.registry.AbstractInstanceRegistry [http-nio-8761-exec-5] Cancelled instance EXCEL-SERVICE/rpkreddy:EXCEL-SERVICE:8082 (replication=false)
2022-11-18 10:26:59,373 WARN com.netflix.eureka.cluster.PeerEurekaNodes [Eureka-PeerNodesUpdater] The replica size seems to be empty. Check the route 53 DNS Registry
2022-11-18 10:26:59,541 INFO com.netflix.eureka.registry.AbstractInstanceRegistry$EvictionTask [Eureka-EvictionTimer] Running the evict task with compensationTime 0ms
2022-11-18 10:27:08,676 INFO com.netflix.eureka.registry.AbstractInstanceRegistry [http-nio-8761-exec-9] Registered instance EXCEL-SERVICE/rpkreddy:EXCEL-SERVICE:8082 with status UP (replication=false)
2022-11-18 10:27:59,541 INFO com.netflix.eureka.registry.AbstractInstanceRegistry$EvictionTask [Eureka-EvictionTimer] Running the evict task with compensationTime 0ms
2022-11-18 10:28:59,542 INFO com.netflix.eureka.registry.AbstractInstanceRegistry$EvictionTask [Eureka-EvictionTimer] Running the evict task with compensationTime 1ms
2022-11-18 10:29:01,250 INFO com.netflix.eureka.registry.AbstractInstanceRegistry [http-nio-8761-exec-10] Registered instance EXCEL-SERVICE/rpkreddy:EXCEL-SERVICE:8082 with status DOWN (replication=false)
2022-11-18 10:29:04,348 INFO com.netflix.eureka.registry.AbstractInstanceRegistry [http-nio-8761-exec-2] Cancelled instance EXCEL-SERVICE/rpkreddy:EXCEL-SERVICE:8082 (replication=false)
2022-11-18 10:29:16,483 INFO com.netflix.eureka.registry.AbstractInstanceRegistry [http-nio-8761-exec-4] Registered instance EXCEL-SERVICE/rpkreddy:EXCEL-SERVICE:8082 with status UP (replication=false)
2022-11-18 10:29:33,390 INFO com.netflix.eureka.registry.AbstractInstanceRegistry [http-nio-8761-exec-3] Registered instance EXCEL-SERVICE/rpkreddy:EXCEL-SERVICE:8082 with status DOWN (replication=false)
2022-11-18 10:29:36,475 INFO com.netflix.eureka.registry.AbstractInstanceRegistry [http-nio-8761-exec-5] Cancelled instance EXCEL-SERVICE/rpkreddy:EXCEL-SERVICE:8082 (replication=false)
2022-11-18 10:29:46,919 INFO com.netflix.eureka.registry.AbstractInstanceRegistry [http-nio-8761-exec-8] Registered instance EXCEL-SERVICE/rpkreddy:EXCEL-SERVICE:8082 with status UP (replication=false)
2022-11-18 10:29:59,541 INFO com.netflix.eureka.registry.AbstractInstanceRegistry$EvictionTask [Eureka-EvictionTimer] Running the evict task with compensationTime 0ms
2022-11-18 10:30:59,542 INFO com.netflix.eureka.registry.AbstractInstanceRegistry$EvictionTask [Eureka-EvictionTimer] Running the evict task with compensationTime 0ms
2022-11-18 10:31:59,548 INFO com.netflix.eureka.registry.AbstractInstanceRegistry$EvictionTask [Eureka-EvictionTimer] Running the evict task with compensationTime 6ms
2022-11-18 10:32:59,548 INFO com.netflix.eureka.registry.AbstractInstanceRegistry$EvictionTask [Eureka-EvictionTimer] Running the evict task with compensationTime 0ms
2022-11-18 10:33:59,548 INFO com.netflix.eureka.registry.AbstractInstanceRegistry$EvictionTask [Eureka-EvictionTimer] Running the evict task with compensationTime 0ms
2022-11-18 10:34:59,549 INFO com.netflix.eureka.registry.AbstractInstanceRegistry$EvictionTask [Eureka-EvictionTimer] Running the evict task with compensationTime 0ms
2022-11-18 10:35:59,560 INFO com.netflix.eureka.registry.AbstractInstanceRegistry$EvictionTask [Eureka-EvictionTimer] Running the evict task with compensationTime 11ms
2022-11-18 10:36:59,375 WARN com.netflix.eureka.cluster.PeerEurekaNodes [Eureka-PeerNodesUpdater] The replica size seems to be empty. Check the route 53 DNS Registry
2022-11-18 10:36:59,393 INFO com.netflix.eureka.registry.PeerAwareInstanceRegistryImpl [ReplicaAwareInstanceRegistry - RenewalThresholdUpdater] Current renewal threshold is : 0
2022-11-18 10:36:59,563 INFO com.netflix.eureka.registry.AbstractInstanceRegistry$EvictionTask [Eureka-EvictionTimer] Running the evict task with compensationTime 2ms
2022-11-18 10:37:59,785 INFO com.netflix.eureka.registry.AbstractInstanceRegistry$EvictionTask [Eureka-EvictionTimer] Running the evict task with compensationTime 222ms
2022-11-18 10:38:59,792 INFO com.netflix.eureka.registry.AbstractInstanceRegistry$EvictionTask [Eureka-EvictionTimer] Running the evict task with compensationTime 7ms
2022-11-18 10:39:59,792 INFO com.netflix.eureka.registry.AbstractInstanceRegistry$EvictionTask [Eureka-EvictionTimer] Running the evict task with compensationTime 0ms
2022-11-18 10:40:59,792 INFO com.netflix.eureka.registry.AbstractInstanceRegistry$EvictionTask [Eureka-EvictionTimer] Running the evict task with compensationTime 0ms
2022-11-18 10:41:59,792 INFO com.netflix.eureka.registry.AbstractInstanceRegistry$EvictionTask [Eureka-EvictionTimer] Running the evict task with compensationTime 0ms
2022-11-18 10:42:59,792 INFO com.netflix.eureka.registry.AbstractInstanceRegistry$EvictionTask [Eureka-EvictionTimer] Running the evict task with compensationTime 0ms
2022-11-18 10:43:59,793 INFO com.netflix.eureka.registry.AbstractInstanceRegistry$EvictionTask [Eureka-EvictionTimer] Running the evict task with compensationTime 0ms
2022-11-18 10:44:59,793 INFO com.netflix.eureka.registry.AbstractInstanceRegistry$EvictionTask [Eureka-EvictionTimer] Running the evict task with compensationTime 0ms
2022-11-18 10:45:59,794 INFO com.netflix.eureka.registry.AbstractInstanceRegistry$EvictionTask [Eureka-EvictionTimer] Running the evict task with compensationTime 1ms
2022-11-18 10:46:59,377 WARN com.netflix.eureka.cluster.PeerEurekaNodes [Eureka-PeerNodesUpdater] The replica size seems to be empty. Check the route 53 DNS Registry
2022-11-18 10:46:59,794 INFO com.netflix.eureka.registry.AbstractInstanceRegistry$EvictionTask [Eureka-EvictionTimer] Running the evict task with compensationTime 0ms
2022-11-18 10:47:59,794 INFO com.netflix.eureka.registry.AbstractInstanceRegistry$EvictionTask [Eureka-EvictionTimer] Running the evict task with compensationTime 0ms
2022-11-18 10:48:59,795 INFO com.netflix.eureka.registry.AbstractInstanceRegistry$EvictionTask [Eureka-EvictionTimer] Running the evict task with compensationTime 0ms
2022-11-18 10:49:59,796 INFO com.netflix.eureka.registry.AbstractInstanceRegistry$EvictionTask [Eureka-EvictionTimer] Running the evict task with compensationTime 1ms
2022-11-18 10:50:59,797 INFO com.netflix.eureka.registry.AbstractInstanceRegistry$EvictionTask [Eureka-EvictionTimer] Running the evict task with compensationTime 0ms
2022-11-18 10:51:59,392 INFO com.netflix.eureka.registry.PeerAwareInstanceRegistryImpl [ReplicaAwareInstanceRegistry - RenewalThresholdUpdater] Current renewal threshold is : 0
2022-11-18 10:51:59,797 INFO com.netflix.eureka.registry.AbstractInstanceRegistry$EvictionTask [Eureka-EvictionTimer] Running the evict task with compensationTime 0ms
2022-11-18 10:52:59,798 INFO com.netflix.eureka.registry.AbstractInstanceRegistry$EvictionTask [Eureka-EvictionTimer] Running the evict task with compensationTime 0ms
2022-11-18 10:53:59,799 INFO com.netflix.eureka.registry.AbstractInstanceRegistry$EvictionTask [Eureka-EvictionTimer] Running the evict task with compensationTime 1ms
2022-11-18 10:54:59,800 INFO com.netflix.eureka.registry.AbstractInstanceRegistry$EvictionTask [Eureka-EvictionTimer] Running the evict task with compensationTime 0ms
2022-11-18 10:55:59,800 INFO com.netflix.eureka.registry.AbstractInstanceRegistry$EvictionTask [Eureka-EvictionTimer] Running the evict task with compensationTime 0ms
2022-11-18 10:56:59,381 WARN com.netflix.eureka.cluster.PeerEurekaNodes [Eureka-PeerNodesUpdater] The replica size seems to be empty. Check the route 53 DNS Registry
2022-11-18 10:56:59,800 INFO com.netflix.eureka.registry.AbstractInstanceRegistry$EvictionTask [Eureka-EvictionTimer] Running the evict task with compensationTime 0ms
2022-11-18 10:57:59,801 INFO com.netflix.eureka.registry.AbstractInstanceRegistry$EvictionTask [Eureka-EvictionTimer] Running the evict task with compensationTime 0ms
2022-11-18 10:58:59,801 INFO com.netflix.eureka.registry.AbstractInstanceRegistry$EvictionTask [Eureka-EvictionTimer] Running the evict task with compensationTime 0ms
2022-11-18 11:07:28,971 INFO com.netflix.eureka.registry.AbstractInstanceRegistry$EvictionTask [Eureka-EvictionTimer] Running the evict task with compensationTime 449195ms
2022-11-18 11:08:28,971 INFO com.netflix.eureka.registry.AbstractInstanceRegistry$EvictionTask [Eureka-EvictionTimer] Running the evict task with compensationTime 0ms
2022-11-18 11:09:28,971 INFO com.netflix.eureka.registry.AbstractInstanceRegistry$EvictionTask [Eureka-EvictionTimer] Running the evict task with compensationTime 0ms
2022-11-18 11:10:28,999 INFO com.netflix.eureka.registry.AbstractInstanceRegistry$EvictionTask [Eureka-EvictionTimer] Running the evict task with compensationTime 28ms
2022-11-18 11:11:29,000 INFO com.netflix.eureka.registry.AbstractInstanceRegistry$EvictionTask [Eureka-EvictionTimer] Running the evict task with compensationTime 0ms
2022-11-18 11:12:29,000 INFO com.netflix.eureka.registry.AbstractInstanceRegistry$EvictionTask [Eureka-EvictionTimer] Running the evict task with compensationTime 1ms
2022-11-18 11:13:29,000 INFO com.netflix.eureka.registry.AbstractInstanceRegistry$EvictionTask [Eureka-EvictionTimer] Running the evict task with compensationTime 0ms
2022-11-18 11:14:28,382 WARN com.netflix.eureka.cluster.PeerEurekaNodes [Eureka-PeerNodesUpdater] The replica size seems to be empty. Check the route 53 DNS Registry
2022-11-18 11:14:28,388 INFO com.netflix.eureka.registry.PeerAwareInstanceRegistryImpl [ReplicaAwareInstanceRegistry - RenewalThresholdUpdater] Current renewal threshold is : 0
2022-11-18 11:14:29,000 INFO com.netflix.eureka.registry.AbstractInstanceRegistry$EvictionTask [Eureka-EvictionTimer] Running the evict task with compensationTime 0ms
2022-11-18 11:15:29,001 INFO com.netflix.eureka.registry.AbstractInstanceRegistry$EvictionTask [Eureka-EvictionTimer] Running the evict task with compensationTime 1ms
2022-11-18 11:16:29,002 INFO com.netflix.eureka.registry.AbstractInstanceRegistry$EvictionTask [Eureka-EvictionTimer] Running the evict task with compensationTime 1ms
2022-11-18 11:17:29,003 INFO com.netflix.eureka.registry.AbstractInstanceRegistry$EvictionTask [Eureka-EvictionTimer] Running the evict task with compensationTime 0ms
2022-11-18 11:18:29,004 INFO com.netflix.eureka.registry.AbstractInstanceRegistry$EvictionTask [Eureka-EvictionTimer] Running the evict task with compensationTime 1ms
2022-11-18 11:19:29,004 INFO com.netflix.eureka.registry.AbstractInstanceRegistry$EvictionTask [Eureka-EvictionTimer] Running the evict task with compensationTime 0ms
2022-11-18 11:20:10,633 INFO com.netflix.eureka.registry.AbstractInstanceRegistry [http-nio-8761-exec-4] Registered instance SCHEDULE-SERVICE/rpkreddy:SCHEDULE-SERVICE:8081 with status UP (replication=false)
2022-11-18 11:20:11,028 INFO com.netflix.eureka.registry.AbstractInstanceRegistry [http-nio-8761-exec-9] Registered instance SCHEDULE-SERVICE/rpkreddy:SCHEDULE-SERVICE:8081 with status DOWN (replication=false)
2022-11-18 11:20:14,085 INFO com.netflix.eureka.registry.AbstractInstanceRegistry [http-nio-8761-exec-6] Cancelled instance SCHEDULE-SERVICE/rpkreddy:SCHEDULE-SERVICE:8081 (replication=false)
2022-11-18 11:20:20,785 WARN com.netflix.eureka.registry.AbstractInstanceRegistry [http-nio-8761-exec-7] DS: Registry: lease doesn't exist, registering resource: SCHEDULE-SERVICE - rpkreddy:SCHEDULE-SERVICE:8081
2022-11-18 11:20:20,786 WARN com.netflix.eureka.resources.InstanceResource [http-nio-8761-exec-7] Not Found (Renew): SCHEDULE-SERVICE - rpkreddy:SCHEDULE-SERVICE:8081
2022-11-18 11:20:20,802 INFO com.netflix.eureka.registry.AbstractInstanceRegistry [http-nio-8761-exec-4] Registered instance SCHEDULE-SERVICE/rpkreddy:SCHEDULE-SERVICE:8081 with status UP (replication=false)
2022-11-18 11:20:29,005 INFO com.netflix.eureka.registry.AbstractInstanceRegistry$EvictionTask [Eureka-EvictionTimer] Running the evict task with compensationTime 0ms
2022-11-18 11:21:29,005 INFO com.netflix.eureka.registry.AbstractInstanceRegistry$EvictionTask [Eureka-EvictionTimer] Running the evict task with compensationTime 0ms
2022-11-18 11:22:29,012 INFO com.netflix.eureka.registry.AbstractInstanceRegistry$EvictionTask [Eureka-EvictionTimer] Running the evict task with compensationTime 7ms
2022-11-18 11:22:47,729 INFO com.netflix.eureka.registry.AbstractInstanceRegistry [http-nio-8761-exec-4] Registered instance SCHEDULE-SERVICE/rpkreddy:SCHEDULE-SERVICE:8081 with status UP (replication=false)
2022-11-18 11:22:48,115 INFO com.netflix.eureka.registry.AbstractInstanceRegistry [http-nio-8761-exec-5] Registered instance SCHEDULE-SERVICE/rpkreddy:SCHEDULE-SERVICE:8081 with status DOWN (replication=false)
2022-11-18 11:22:51,184 INFO com.netflix.eureka.registry.AbstractInstanceRegistry [http-nio-8761-exec-10] Cancelled instance SCHEDULE-SERVICE/rpkreddy:SCHEDULE-SERVICE:8081 (replication=false)
2022-11-18 11:23:20,893 WARN com.netflix.eureka.registry.AbstractInstanceRegistry [http-nio-8761-exec-2] DS: Registry: lease doesn't exist, registering resource: SCHEDULE-SERVICE - rpkreddy:SCHEDULE-SERVICE:8081
2022-11-18 11:23:20,896 WARN com.netflix.eureka.resources.InstanceResource [http-nio-8761-exec-2] Not Found (Renew): SCHEDULE-SERVICE - rpkreddy:SCHEDULE-SERVICE:8081
2022-11-18 11:23:20,914 INFO com.netflix.eureka.registry.AbstractInstanceRegistry [http-nio-8761-exec-10] Registered instance SCHEDULE-SERVICE/rpkreddy:SCHEDULE-SERVICE:8081 with status UP (replication=false)
2022-11-18 11:23:29,012 INFO com.netflix.eureka.registry.AbstractInstanceRegistry$EvictionTask [Eureka-EvictionTimer] Running the evict task with compensationTime 0ms
2022-11-18 11:24:28,385 WARN com.netflix.eureka.cluster.PeerEurekaNodes [Eureka-PeerNodesUpdater] The replica size seems to be empty. Check the route 53 DNS Registry
2022-11-18 11:24:29,012 INFO com.netflix.eureka.registry.AbstractInstanceRegistry$EvictionTask [Eureka-EvictionTimer] Running the evict task with compensationTime 0ms
2022-11-18 11:25:29,012 INFO com.netflix.eureka.registry.AbstractInstanceRegistry$EvictionTask [Eureka-EvictionTimer] Running the evict task with compensationTime 0ms
2022-11-18 11:26:29,012 INFO com.netflix.eureka.registry.AbstractInstanceRegistry$EvictionTask [Eureka-EvictionTimer] Running the evict task with compensationTime 0ms
2022-11-18 11:27:29,013 INFO com.netflix.eureka.registry.AbstractInstanceRegistry$EvictionTask [Eureka-EvictionTimer] Running the evict task with compensationTime 0ms
2022-11-18 11:28:29,013 INFO com.netflix.eureka.registry.AbstractInstanceRegistry$EvictionTask [Eureka-EvictionTimer] Running the evict task with compensationTime 0ms
