2022-11-19 14:31:14,633 INFO org.springframework.boot.StartupInfoLogger [main] Starting ScheduleEurekaRegistryApplication using Java 17.0.4.1 on rpkreddy with PID 9204 (C:\Users\PraveenKumarReddy\git\ExcelProject\schedule-eureka-registry\target\classes started by PraveenKumarReddy in C:\Users\PraveenKumarReddy\git\ExcelProject\schedule-eureka-registry)
2022-11-19 14:31:14,642 DEBUG org.springframework.boot.StartupInfoLogger [main] Running with Spring Boot v2.7.5, Spring v5.3.23
2022-11-19 14:31:14,643 INFO org.springframework.boot.SpringApplication [main] No active profile set, falling back to 1 default profile: "default"
2022-11-19 14:31:16,169 INFO org.springframework.cloud.context.scope.GenericScope [main] BeanFactory id=17c2ce31-e200-3cf7-a361-2650b89369a2
2022-11-19 14:31:16,725 INFO org.springframework.boot.web.embedded.tomcat.TomcatWebServer [main] Tomcat initialized with port(s): 8761 (http)
2022-11-19 14:31:16,740 INFO org.apache.juli.logging.DirectJDKLog [main] Initializing ProtocolHandler ["http-nio-8761"]
2022-11-19 14:31:16,741 INFO org.apache.juli.logging.DirectJDKLog [main] Starting service [Tomcat]
2022-11-19 14:31:16,741 INFO org.apache.juli.logging.DirectJDKLog [main] Starting Servlet engine: [Apache Tomcat/9.0.68]
2022-11-19 14:31:16,966 INFO org.apache.juli.logging.DirectJDKLog [main] Initializing Spring embedded WebApplicationContext
2022-11-19 14:31:16,967 INFO org.springframework.boot.web.servlet.context.ServletWebServerApplicationContext [main] Root WebApplicationContext: initialization completed in 2232 ms
2022-11-19 14:31:17,544 INFO com.sun.jersey.server.impl.application.WebApplicationImpl [main] Initiating Jersey application, version 'Jersey: 1.19.4 05/24/2017 03:20 PM'
2022-11-19 14:31:17,663 INFO com.netflix.discovery.provider.DiscoveryJerseyProvider [main] Using JSON encoding codec LegacyJacksonJson
2022-11-19 14:31:17,665 INFO com.netflix.discovery.provider.DiscoveryJerseyProvider [main] Using JSON decoding codec LegacyJacksonJson
2022-11-19 14:31:17,981 INFO com.netflix.discovery.provider.DiscoveryJerseyProvider [main] Using XML encoding codec XStreamXml
2022-11-19 14:31:17,982 INFO com.netflix.discovery.provider.DiscoveryJerseyProvider [main] Using XML decoding codec XStreamXml
2022-11-19 14:31:20,315 INFO org.springframework.cloud.netflix.eureka.config.DiscoveryClientOptionalArgsConfiguration [main] Eureka HTTP Client uses Jersey
2022-11-19 14:31:20,441 WARN org.springframework.cloud.loadbalancer.config.LoadBalancerCacheAutoConfiguration$LoadBalancerCaffeineWarnLogger [main] Spring Cloud LoadBalancer is currently working with the default cache. While this cache implementation is useful for development and tests, it's recommended to use Caffeine cache in production.You can switch to using Caffeine cache, by adding it and org.springframework.cache.caffeine.CaffeineCacheManager to the classpath.
2022-11-19 14:31:20,494 INFO org.springframework.cloud.netflix.eureka.InstanceInfoFactory [main] Setting initial instance status as: STARTING
2022-11-19 14:31:20,585 INFO com.netflix.discovery.DiscoveryClient [main] Initializing Eureka in region us-east-1
2022-11-19 14:31:20,586 INFO com.netflix.discovery.DiscoveryClient [main] Client configured to neither register nor query for data.
2022-11-19 14:31:20,618 INFO com.netflix.discovery.DiscoveryClient [main] Discovery Client initialized at timestamp 1668848480617 with initial instances count: 0
2022-11-19 14:31:20,691 INFO com.netflix.eureka.DefaultEurekaServerContext [main] Initializing ...
2022-11-19 14:31:20,695 WARN com.netflix.eureka.cluster.PeerEurekaNodes [main] The replica size seems to be empty. Check the route 53 DNS Registry
2022-11-19 14:31:20,724 INFO com.netflix.eureka.registry.AbstractInstanceRegistry [main] Finished initializing remote region registries. All known remote regions: []
2022-11-19 14:31:20,726 INFO com.netflix.eureka.DefaultEurekaServerContext [main] Initialized
2022-11-19 14:31:20,740 INFO org.springframework.boot.actuate.endpoint.web.EndpointLinksResolver [main] Exposing 1 endpoint(s) beneath base path '/actuator'
2022-11-19 14:31:20,854 INFO org.springframework.cloud.netflix.eureka.serviceregistry.EurekaServiceRegistry [main] Registering application UNKNOWN with eureka with status UP
2022-11-19 14:31:20,860 INFO org.apache.juli.logging.DirectJDKLog [main] Starting ProtocolHandler ["http-nio-8761"]
2022-11-19 14:31:20,877 INFO org.springframework.cloud.netflix.eureka.server.EurekaServerBootstrap [Thread-9] isAws returned false
2022-11-19 14:31:20,878 INFO org.springframework.cloud.netflix.eureka.server.EurekaServerBootstrap [Thread-9] Initialized server context
2022-11-19 14:31:20,879 INFO com.netflix.eureka.registry.PeerAwareInstanceRegistryImpl [Thread-9] Got 1 instances from neighboring DS node
2022-11-19 14:31:20,879 INFO com.netflix.eureka.registry.PeerAwareInstanceRegistryImpl [Thread-9] Renew threshold is: 1
2022-11-19 14:31:20,880 INFO com.netflix.eureka.registry.PeerAwareInstanceRegistryImpl [Thread-9] Changing status to UP
2022-11-19 14:31:20,901 INFO org.springframework.cloud.netflix.eureka.server.EurekaServerInitializerConfiguration [Thread-9] Started Eureka Server
2022-11-19 14:31:20,914 INFO org.springframework.boot.web.embedded.tomcat.TomcatWebServer [main] Tomcat started on port(s): 8761 (http) with context path ''
2022-11-19 14:31:20,915 INFO org.springframework.cloud.netflix.eureka.serviceregistry.EurekaAutoServiceRegistration [main] Updating port to 8761
2022-11-19 14:31:21,213 INFO org.springframework.boot.StartupInfoLogger [main] Started ScheduleEurekaRegistryApplication in 7.669 seconds (JVM running for 9.202)
2022-11-19 14:31:28,207 INFO org.apache.juli.logging.DirectJDKLog [http-nio-8761-exec-1] Initializing Spring DispatcherServlet 'dispatcherServlet'
2022-11-19 14:31:28,207 INFO org.springframework.web.servlet.FrameworkServlet [http-nio-8761-exec-1] Initializing Servlet 'dispatcherServlet'
2022-11-19 14:31:28,210 INFO org.springframework.web.servlet.FrameworkServlet [http-nio-8761-exec-1] Completed initialization in 2 ms
2022-11-19 14:31:28,737 INFO com.netflix.eureka.registry.AbstractInstanceRegistry [http-nio-8761-exec-2] Registered instance CONFIG-SERVER/rpkreddy:CONFIG-SERVER:8888 with status UP (replication=false)
2022-11-19 14:31:42,754 INFO com.netflix.eureka.registry.AbstractInstanceRegistry [http-nio-8761-exec-4] Registered instance EXCEL-SERVICE/rpkreddy:EXCEL-SERVICE:8082 with status UP (replication=false)
2022-11-19 14:31:46,621 INFO com.netflix.eureka.registry.AbstractInstanceRegistry [http-nio-8761-exec-6] Registered instance GATEWAY/rpkreddy:GATEWAY:9000 with status UP (replication=false)
2022-11-19 14:32:05,899 INFO com.netflix.eureka.registry.AbstractInstanceRegistry [http-nio-8761-exec-10] Registered instance SCHEDULE-SERVICE/rpkreddy:SCHEDULE-SERVICE:8081 with status UP (replication=false)
2022-11-19 14:32:20,882 INFO com.netflix.eureka.registry.AbstractInstanceRegistry$EvictionTask [Eureka-EvictionTimer] Running the evict task with compensationTime 0ms
2022-11-19 14:33:09,765 INFO com.netflix.eureka.registry.AbstractInstanceRegistry [http-nio-8761-exec-7] Registered instance EXCEL-SERVICE/rpkreddy:EXCEL-SERVICE:8082 with status DOWN (replication=false)
2022-11-19 14:33:12,832 INFO com.netflix.eureka.registry.AbstractInstanceRegistry [http-nio-8761-exec-10] Cancelled instance EXCEL-SERVICE/rpkreddy:EXCEL-SERVICE:8082 (replication=false)
2022-11-19 14:33:20,883 INFO com.netflix.eureka.registry.AbstractInstanceRegistry$EvictionTask [Eureka-EvictionTimer] Running the evict task with compensationTime 0ms
2022-11-19 14:33:23,126 INFO com.netflix.eureka.registry.AbstractInstanceRegistry [http-nio-8761-exec-6] Registered instance EXCEL-SERVICE/rpkreddy:EXCEL-SERVICE:8082 with status UP (replication=false)
2022-11-19 14:34:20,897 INFO com.netflix.eureka.registry.AbstractInstanceRegistry$EvictionTask [Eureka-EvictionTimer] Running the evict task with compensationTime 14ms
2022-11-19 14:35:20,898 INFO com.netflix.eureka.registry.AbstractInstanceRegistry$EvictionTask [Eureka-EvictionTimer] Running the evict task with compensationTime 0ms
2022-11-19 14:36:20,898 INFO com.netflix.eureka.registry.AbstractInstanceRegistry$EvictionTask [Eureka-EvictionTimer] Running the evict task with compensationTime 0ms
2022-11-19 14:37:20,899 INFO com.netflix.eureka.registry.AbstractInstanceRegistry$EvictionTask [Eureka-EvictionTimer] Running the evict task with compensationTime 0ms
2022-11-19 14:38:20,899 INFO com.netflix.eureka.registry.AbstractInstanceRegistry$EvictionTask [Eureka-EvictionTimer] Running the evict task with compensationTime 0ms
2022-11-19 14:39:20,899 INFO com.netflix.eureka.registry.AbstractInstanceRegistry$EvictionTask [Eureka-EvictionTimer] Running the evict task with compensationTime 0ms
2022-11-19 14:40:20,899 INFO com.netflix.eureka.registry.AbstractInstanceRegistry$EvictionTask [Eureka-EvictionTimer] Running the evict task with compensationTime 0ms
2022-11-19 14:41:20,699 WARN com.netflix.eureka.cluster.PeerEurekaNodes [Eureka-PeerNodesUpdater] The replica size seems to be empty. Check the route 53 DNS Registry
2022-11-19 14:41:20,899 INFO com.netflix.eureka.registry.AbstractInstanceRegistry$EvictionTask [Eureka-EvictionTimer] Running the evict task with compensationTime 0ms
2022-11-19 14:42:20,900 INFO com.netflix.eureka.registry.AbstractInstanceRegistry$EvictionTask [Eureka-EvictionTimer] Running the evict task with compensationTime 1ms
2022-11-19 14:43:20,900 INFO com.netflix.eureka.registry.AbstractInstanceRegistry$EvictionTask [Eureka-EvictionTimer] Running the evict task with compensationTime 0ms
2022-11-19 14:44:20,900 INFO com.netflix.eureka.registry.AbstractInstanceRegistry$EvictionTask [Eureka-EvictionTimer] Running the evict task with compensationTime 0ms
2022-11-19 14:45:20,915 INFO com.netflix.eureka.registry.AbstractInstanceRegistry$EvictionTask [Eureka-EvictionTimer] Running the evict task with compensationTime 14ms
2022-11-19 14:46:20,725 INFO com.netflix.eureka.registry.PeerAwareInstanceRegistryImpl [ReplicaAwareInstanceRegistry - RenewalThresholdUpdater] Current renewal threshold is : 0
2022-11-19 14:46:20,929 INFO com.netflix.eureka.registry.AbstractInstanceRegistry$EvictionTask [Eureka-EvictionTimer] Running the evict task with compensationTime 13ms
2022-11-19 14:47:20,934 INFO com.netflix.eureka.registry.AbstractInstanceRegistry$EvictionTask [Eureka-EvictionTimer] Running the evict task with compensationTime 5ms
2022-11-19 14:48:20,940 INFO com.netflix.eureka.registry.AbstractInstanceRegistry$EvictionTask [Eureka-EvictionTimer] Running the evict task with compensationTime 5ms
2022-11-19 14:49:20,940 INFO com.netflix.eureka.registry.AbstractInstanceRegistry$EvictionTask [Eureka-EvictionTimer] Running the evict task with compensationTime 0ms
2022-11-19 14:50:20,940 INFO com.netflix.eureka.registry.AbstractInstanceRegistry$EvictionTask [Eureka-EvictionTimer] Running the evict task with compensationTime 0ms
2022-11-19 14:51:20,701 WARN com.netflix.eureka.cluster.PeerEurekaNodes [Eureka-PeerNodesUpdater] The replica size seems to be empty. Check the route 53 DNS Registry
2022-11-19 14:51:20,941 INFO com.netflix.eureka.registry.AbstractInstanceRegistry$EvictionTask [Eureka-EvictionTimer] Running the evict task with compensationTime 0ms
2022-11-19 14:52:20,941 INFO com.netflix.eureka.registry.AbstractInstanceRegistry$EvictionTask [Eureka-EvictionTimer] Running the evict task with compensationTime 0ms
2022-11-19 14:53:20,942 INFO com.netflix.eureka.registry.AbstractInstanceRegistry$EvictionTask [Eureka-EvictionTimer] Running the evict task with compensationTime 1ms
2022-11-19 14:54:20,943 INFO com.netflix.eureka.registry.AbstractInstanceRegistry$EvictionTask [Eureka-EvictionTimer] Running the evict task with compensationTime 0ms
2022-11-19 14:55:20,944 INFO com.netflix.eureka.registry.AbstractInstanceRegistry$EvictionTask [Eureka-EvictionTimer] Running the evict task with compensationTime 1ms
2022-11-19 14:56:20,945 INFO com.netflix.eureka.registry.AbstractInstanceRegistry$EvictionTask [Eureka-EvictionTimer] Running the evict task with compensationTime 0ms
2022-11-19 14:57:20,946 INFO com.netflix.eureka.registry.AbstractInstanceRegistry$EvictionTask [Eureka-EvictionTimer] Running the evict task with compensationTime 1ms
2022-11-19 14:58:20,947 INFO com.netflix.eureka.registry.AbstractInstanceRegistry$EvictionTask [Eureka-EvictionTimer] Running the evict task with compensationTime 0ms
2022-11-19 14:59:20,947 INFO com.netflix.eureka.registry.AbstractInstanceRegistry$EvictionTask [Eureka-EvictionTimer] Running the evict task with compensationTime 0ms
2022-11-19 15:00:20,948 INFO com.netflix.eureka.registry.AbstractInstanceRegistry$EvictionTask [Eureka-EvictionTimer] Running the evict task with compensationTime 0ms
2022-11-19 15:01:20,704 WARN com.netflix.eureka.cluster.PeerEurekaNodes [Eureka-PeerNodesUpdater] The replica size seems to be empty. Check the route 53 DNS Registry
2022-11-19 15:01:20,726 INFO com.netflix.eureka.registry.PeerAwareInstanceRegistryImpl [ReplicaAwareInstanceRegistry - RenewalThresholdUpdater] Current renewal threshold is : 0
2022-11-19 15:01:20,949 INFO com.netflix.eureka.registry.AbstractInstanceRegistry$EvictionTask [Eureka-EvictionTimer] Running the evict task with compensationTime 1ms
2022-11-19 15:02:20,950 INFO com.netflix.eureka.registry.AbstractInstanceRegistry$EvictionTask [Eureka-EvictionTimer] Running the evict task with compensationTime 0ms
2022-11-19 15:03:20,950 INFO com.netflix.eureka.registry.AbstractInstanceRegistry$EvictionTask [Eureka-EvictionTimer] Running the evict task with compensationTime 0ms
2022-11-19 15:04:20,953 INFO com.netflix.eureka.registry.AbstractInstanceRegistry$EvictionTask [Eureka-EvictionTimer] Running the evict task with compensationTime 3ms
2022-11-19 15:05:20,952 INFO com.netflix.eureka.registry.AbstractInstanceRegistry$EvictionTask [Eureka-EvictionTimer] Running the evict task with compensationTime 0ms
2022-11-19 15:06:20,952 INFO com.netflix.eureka.registry.AbstractInstanceRegistry$EvictionTask [Eureka-EvictionTimer] Running the evict task with compensationTime 0ms
2022-11-19 15:07:20,952 INFO com.netflix.eureka.registry.AbstractInstanceRegistry$EvictionTask [Eureka-EvictionTimer] Running the evict task with compensationTime 0ms
2022-11-19 15:08:20,962 INFO com.netflix.eureka.registry.AbstractInstanceRegistry$EvictionTask [Eureka-EvictionTimer] Running the evict task with compensationTime 9ms
2022-11-19 15:09:20,962 INFO com.netflix.eureka.registry.AbstractInstanceRegistry$EvictionTask [Eureka-EvictionTimer] Running the evict task with compensationTime 0ms
2022-11-19 15:10:20,962 INFO com.netflix.eureka.registry.AbstractInstanceRegistry$EvictionTask [Eureka-EvictionTimer] Running the evict task with compensationTime 0ms
2022-11-19 15:11:20,708 WARN com.netflix.eureka.cluster.PeerEurekaNodes [Eureka-PeerNodesUpdater] The replica size seems to be empty. Check the route 53 DNS Registry
2022-11-19 15:11:20,963 INFO com.netflix.eureka.registry.AbstractInstanceRegistry$EvictionTask [Eureka-EvictionTimer] Running the evict task with compensationTime 0ms
2022-11-19 15:12:20,974 INFO com.netflix.eureka.registry.AbstractInstanceRegistry$EvictionTask [Eureka-EvictionTimer] Running the evict task with compensationTime 11ms
2022-11-19 15:13:20,987 INFO com.netflix.eureka.registry.AbstractInstanceRegistry$EvictionTask [Eureka-EvictionTimer] Running the evict task with compensationTime 12ms
2022-11-19 15:14:20,988 INFO com.netflix.eureka.registry.AbstractInstanceRegistry$EvictionTask [Eureka-EvictionTimer] Running the evict task with compensationTime 0ms
2022-11-19 15:15:20,993 INFO com.netflix.eureka.registry.AbstractInstanceRegistry$EvictionTask [Eureka-EvictionTimer] Running the evict task with compensationTime 5ms
2022-11-19 15:16:20,727 INFO com.netflix.eureka.registry.PeerAwareInstanceRegistryImpl [ReplicaAwareInstanceRegistry - RenewalThresholdUpdater] Current renewal threshold is : 0
2022-11-19 15:16:20,993 INFO com.netflix.eureka.registry.AbstractInstanceRegistry$EvictionTask [Eureka-EvictionTimer] Running the evict task with compensationTime 0ms
2022-11-19 15:17:20,994 INFO com.netflix.eureka.registry.AbstractInstanceRegistry$EvictionTask [Eureka-EvictionTimer] Running the evict task with compensationTime 0ms
2022-11-19 15:18:20,994 INFO com.netflix.eureka.registry.AbstractInstanceRegistry$EvictionTask [Eureka-EvictionTimer] Running the evict task with compensationTime 0ms
2022-11-19 15:19:20,994 INFO com.netflix.eureka.registry.AbstractInstanceRegistry$EvictionTask [Eureka-EvictionTimer] Running the evict task with compensationTime 0ms
2022-11-19 15:20:20,995 INFO com.netflix.eureka.registry.AbstractInstanceRegistry$EvictionTask [Eureka-EvictionTimer] Running the evict task with compensationTime 1ms
2022-11-19 15:21:20,724 WARN com.netflix.eureka.cluster.PeerEurekaNodes [Eureka-PeerNodesUpdater] The replica size seems to be empty. Check the route 53 DNS Registry
2022-11-19 15:21:20,995 INFO com.netflix.eureka.registry.AbstractInstanceRegistry$EvictionTask [Eureka-EvictionTimer] Running the evict task with compensationTime 0ms
2022-11-19 15:32:54,263 INFO com.netflix.eureka.registry.AbstractInstanceRegistry$EvictionTask [Eureka-EvictionTimer] Running the evict task with compensationTime 633293ms
2022-11-19 15:33:54,264 INFO com.netflix.eureka.registry.AbstractInstanceRegistry$EvictionTask [Eureka-EvictionTimer] Running the evict task with compensationTime 0ms
2022-11-19 15:34:54,265 INFO com.netflix.eureka.registry.AbstractInstanceRegistry$EvictionTask [Eureka-EvictionTimer] Running the evict task with compensationTime 0ms
2022-11-19 15:35:54,265 INFO com.netflix.eureka.registry.AbstractInstanceRegistry$EvictionTask [Eureka-EvictionTimer] Running the evict task with compensationTime 0ms
2022-11-19 15:36:54,265 INFO com.netflix.eureka.registry.AbstractInstanceRegistry$EvictionTask [Eureka-EvictionTimer] Running the evict task with compensationTime 0ms
2022-11-19 15:37:39,563 INFO org.springframework.boot.admin.SpringApplicationAdminMXBeanRegistrar$SpringApplicationAdmin [RMI TCP Connection(65)-127.0.0.1] Application shutdown requested.
2022-11-19 15:37:39,569 INFO org.springframework.cloud.netflix.eureka.serviceregistry.EurekaServiceRegistry [RMI TCP Connection(65)-127.0.0.1] Unregistering application UNKNOWN with eureka with status DOWN
2022-11-19 15:37:39,613 INFO org.apache.juli.logging.DirectJDKLog [RMI TCP Connection(65)-127.0.0.1] Pausing ProtocolHandler ["http-nio-8761"]
2022-11-19 15:37:39,614 INFO org.apache.juli.logging.DirectJDKLog [RMI TCP Connection(65)-127.0.0.1] Stopping service [Tomcat]
2022-11-19 15:37:39,617 INFO org.apache.juli.logging.DirectJDKLog [RMI TCP Connection(65)-127.0.0.1] Destroying Spring FrameworkServlet 'dispatcherServlet'
2022-11-19 15:37:39,634 INFO org.apache.juli.logging.DirectJDKLog [RMI TCP Connection(65)-127.0.0.1] Stopping ProtocolHandler ["http-nio-8761"]
2022-11-19 15:37:39,639 INFO org.apache.juli.logging.DirectJDKLog [RMI TCP Connection(65)-127.0.0.1] Destroying ProtocolHandler ["http-nio-8761"]
2022-11-19 15:37:39,641 INFO org.springframework.cloud.netflix.eureka.server.EurekaServerBootstrap [RMI TCP Connection(65)-127.0.0.1] Shutting down Eureka Server..
2022-11-19 15:37:39,653 INFO com.netflix.eureka.DefaultEurekaServerContext [RMI TCP Connection(65)-127.0.0.1] Shutting down ...
2022-11-19 15:37:39,692 INFO com.netflix.eureka.DefaultEurekaServerContext [RMI TCP Connection(65)-127.0.0.1] Shut down
2022-11-19 15:37:39,692 INFO org.springframework.cloud.netflix.eureka.server.EurekaServerBootstrap [RMI TCP Connection(65)-127.0.0.1] Eureka Service is now shutdown...
2022-11-19 15:37:39,694 INFO com.netflix.eureka.DefaultEurekaServerContext [RMI TCP Connection(65)-127.0.0.1] Shutting down ...
2022-11-19 15:37:39,711 INFO com.netflix.eureka.DefaultEurekaServerContext [RMI TCP Connection(65)-127.0.0.1] Shut down
2022-11-19 15:37:39,731 INFO com.netflix.discovery.DiscoveryClient [RMI TCP Connection(65)-127.0.0.1] Shutting down DiscoveryClient ...
2022-11-19 15:37:39,734 INFO com.netflix.discovery.DiscoveryClient [RMI TCP Connection(65)-127.0.0.1] Completed shut down of DiscoveryClient
